[06:01:41] [ServerMain/INFO]: Environment: Environment[sessionHost=https://sessionserver.mojang.com, servicesHost=https://api.minecraftservices.com, name=PROD]
[06:01:43] [ServerMain/INFO]: Loaded 7 recipes
[06:01:43] [ServerMain/INFO]: Loaded 1271 advancements
[06:01:44] [Server thread/INFO]: Starting minecraft server version 1.20.4
[06:01:44] [Server thread/INFO]: Loading properties
[06:01:44] [Server thread/INFO]: Default game type: SURVIVAL
[06:01:44] [Server thread/INFO]: Generating keypair
[06:01:44] [Server thread/INFO]: Starting Minecraft server on 0.0.0.0:27000
[06:01:44] [Server thread/INFO]: Using epoll channel type
[06:01:44] [Server thread/INFO]: Preparing level "world"
[06:01:45] [Server thread/INFO]: Preparing start region for dimension minecraft:overworld
[06:01:48] [Worker-Main-19/INFO]: Preparing spawn area: 0%
[06:01:48] [Worker-Main-20/INFO]: Preparing spawn area: 0%
[06:01:48] [Worker-Main-23/INFO]: Preparing spawn area: 0%
[06:01:48] [Worker-Main-23/INFO]: Preparing spawn area: 0%
[06:01:48] [Worker-Main-10/INFO]: Preparing spawn area: 0%
[06:01:48] [Worker-Main-17/INFO]: Preparing spawn area: 0%
[06:01:48] [Worker-Main-7/INFO]: Preparing spawn area: 0%
[06:01:49] [Worker-Main-17/INFO]: Preparing spawn area: 0%
[06:01:49] [Worker-Main-10/INFO]: Preparing spawn area: 3%
[06:01:50] [Worker-Main-18/INFO]: Preparing spawn area: 40%
[06:01:50] [Worker-Main-8/INFO]: Preparing spawn area: 79%
[06:01:50] [Server thread/INFO]: Time elapsed: 5281 ms
[06:01:50] [Server thread/INFO]: Done (6.312s)! For help, type "help"
[20:01:52] [User Authenticator #1/INFO]: UUID of player LeeroyPerkins is 2bdc2115-56e5-455a-ae7a-ec0c69f7e3cb
[20:01:53] [Server thread/INFO]: LeeroyPerkins[/186.78.119.171:65013] logged in with entity id 92 at (3453.020326231905, 119.0, -1392.699999988079)
[20:01:53] [Server thread/INFO]: LeeroyPerkins joined the game
[20:19:46] [User Authenticator #2/INFO]: UUID of player LeeroyPerkins is 2bdc2115-56e5-455a-ae7a-ec0c69f7e3cb
[20:19:46] [Server thread/INFO]: LeeroyPerkins lost connection: Disconnected
[20:19:46] [Server thread/INFO]: LeeroyPerkins left the game
[20:19:46] [Server thread/WARN]: handleDisconnection() called twice
[20:19:46] [Server thread/INFO]: LeeroyPerkins[/186.78.119.171:65072] logged in with entity id 3524 at (3464.3149940984167, 113.0, -1394.3930435820328)
[20:19:46] [Server thread/INFO]: LeeroyPerkins joined the game
[20:26:44] [Server thread/INFO]: LeeroyPerkins lost connection: Disconnected
[20:26:44] [Server thread/INFO]: LeeroyPerkins left the game
