[06:01:41] [ServerMain/INFO]: Environment: Environment[sessionHost=https://sessionserver.mojang.com, servicesHost=https://api.minecraftservices.com, name=PROD]
[06:01:42] [ServerMain/INFO]: Loaded 7 recipes
[06:01:43] [ServerMain/INFO]: Loaded 1271 advancements
[06:01:43] [Server thread/INFO]: Starting minecraft server version 1.20.4
[06:01:43] [Server thread/INFO]: Loading properties
[06:01:43] [Server thread/INFO]: Default game type: SURVIVAL
[06:01:43] [Server thread/INFO]: Generating keypair
[06:01:44] [Server thread/INFO]: Starting Minecraft server on 0.0.0.0:27000
[06:01:44] [Server thread/INFO]: Using epoll channel type
[06:01:44] [Server thread/INFO]: Preparing level "world"
[06:01:45] [Server thread/INFO]: Preparing start region for dimension minecraft:overworld
[06:01:48] [Worker-Main-16/INFO]: Preparing spawn area: 0%
[06:01:48] [Worker-Main-17/INFO]: Preparing spawn area: 0%
[06:01:48] [Worker-Main-17/INFO]: Preparing spawn area: 0%
[06:01:48] [Worker-Main-2/INFO]: Preparing spawn area: 0%
[06:01:48] [Worker-Main-18/INFO]: Preparing spawn area: 0%
[06:01:48] [Worker-Main-4/INFO]: Preparing spawn area: 0%
[06:01:48] [Worker-Main-16/INFO]: Preparing spawn area: 0%
[06:01:48] [Worker-Main-2/INFO]: Preparing spawn area: 0%
[06:01:49] [Worker-Main-17/INFO]: Preparing spawn area: 0%
[06:01:49] [Worker-Main-23/INFO]: Preparing spawn area: 6%
[06:01:50] [Worker-Main-3/INFO]: Preparing spawn area: 36%
[06:01:50] [Worker-Main-15/INFO]: Preparing spawn area: 77%
[06:01:50] [Server thread/INFO]: Time elapsed: 5783 ms
[06:01:50] [Server thread/INFO]: Done (6.702s)! For help, type "help"
