[00:33:36] [Server thread/INFO]: LeeroyPerkins has made the advancement [Take Aim]
[00:39:59] [Server thread/INFO]: Villager cev['Nitwit'/7860, l='ServerLevel[world]', x=3551.35, y=60.80, z=-1396.70] died, message: 'Nitwit was slain by Zombie'
[00:40:16] [Server thread/INFO]: Villager cev['Villager'/7867, l='ServerLevel[world]', x=3550.90, y=62.00, z=-1395.70] died, message: 'Villager was slain by Zombie'
[00:40:16] [Server thread/INFO]: Villager cev['Villager'/7868, l='ServerLevel[world]', x=3550.96, y=62.00, z=-1395.30] died, message: 'Villager was slain by Zombie'
[00:40:21] [Server thread/INFO]: Villager cev['Villager'/7866, l='ServerLevel[world]', x=3551.11, y=62.00, z=-1395.70] died, message: 'Villager was slain by Zombie'
[00:46:37] [Server thread/INFO]: LeeroyPerkins lost connection: Disconnected
[00:46:37] [Server thread/INFO]: LeeroyPerkins left the game
[06:00:13] [Server thread/INFO]: [Not Secure] [Server] El servidor se reiniciar치 en 1 minuto por motivos de mantenci칩n
[06:01:08] [Server thread/INFO]: [Not Secure] [Server] El servidor se reiniciar치 en 10 segundos por motivos de mantenci칩n
[06:01:24] [Server thread/INFO]: Stopping the server
[06:01:24] [Server thread/INFO]: Stopping server
[06:01:24] [Server thread/INFO]: Saving players
[06:01:24] [Server thread/INFO]: Saving worlds
[06:01:25] [Server thread/INFO]: Saving chunks for level 'ServerLevel[world]'/minecraft:overworld
[06:01:30] [Server thread/INFO]: Saving chunks for level 'ServerLevel[world]'/minecraft:the_nether
[06:01:30] [Server thread/INFO]: Saving chunks for level 'ServerLevel[world]'/minecraft:the_end
[06:01:30] [Server thread/INFO]: ThreadedAnvilChunkStorage (world): All chunks are saved
[06:01:30] [Server thread/INFO]: ThreadedAnvilChunkStorage (DIM-1): All chunks are saved
[06:01:30] [Server thread/INFO]: ThreadedAnvilChunkStorage (DIM1): All chunks are saved
[06:01:30] [Server thread/INFO]: ThreadedAnvilChunkStorage: All dimensions are saved
