[00:03:58] [Server thread/INFO]: MissMinuArt lost connection: Disconnected
[00:03:58] [Server thread/INFO]: MissMinuArt left the game
[00:04:01] [User Authenticator #7/INFO]: UUID of player MissMinuArt is dca46a5d-5d60-487e-9bf7-e9d7eb1239dc
[00:04:01] [Server thread/INFO]: MissMinuArt[/152.172.122.22:53726] logged in with entity id 21403 at (3382.6328275821597, 112.0, -1390.6527886998513)
[00:04:01] [Server thread/INFO]: MissMinuArt joined the game
[00:59:18] [Server thread/INFO]: LeeroyPerkins lost connection: Disconnected
[00:59:18] [Server thread/INFO]: LeeroyPerkins left the game
[00:59:21] [Server thread/INFO]: MissMinuArt lost connection: Disconnected
[00:59:21] [Server thread/INFO]: MissMinuArt left the game
[06:00:11] [Server thread/INFO]: [Not Secure] [Server] El servidor se reiniciar치 en 1 minuto por motivos de mantenci칩n
[06:01:06] [Server thread/INFO]: [Not Secure] [Server] El servidor se reiniciar치 en 10 segundos por motivos de mantenci칩n
[06:01:22] [Server thread/INFO]: Stopping the server
[06:01:22] [Server thread/INFO]: Stopping server
[06:01:22] [Server thread/INFO]: Saving players
[06:01:22] [Server thread/INFO]: Saving worlds
[06:01:23] [Server thread/INFO]: Saving chunks for level 'ServerLevel[world]'/minecraft:overworld
[06:01:28] [Server thread/INFO]: Saving chunks for level 'ServerLevel[world]'/minecraft:the_end
[06:01:28] [Server thread/INFO]: Saving chunks for level 'ServerLevel[world]'/minecraft:the_nether
[06:01:28] [Server thread/INFO]: ThreadedAnvilChunkStorage (world): All chunks are saved
[06:01:28] [Server thread/INFO]: ThreadedAnvilChunkStorage (DIM1): All chunks are saved
[06:01:28] [Server thread/INFO]: ThreadedAnvilChunkStorage (DIM-1): All chunks are saved
[06:01:28] [Server thread/INFO]: ThreadedAnvilChunkStorage: All dimensions are saved
