[16:38:51] [User Authenticator #64/INFO]: UUID of player ZaosKeysalor is c9f947b0-af80-47c3-a303-5740993c2038
[16:38:51] [Server thread/INFO]: ZaosKeysalor[/152.172.121.123:49693] logged in with entity id 406698 at (3373.0812623918064, 122.5, -1357.5598490401992)
[16:38:51] [Server thread/INFO]: ZaosKeysalor joined the game
[16:48:34] [Server thread/INFO]: ZaosKeysalor has made the advancement [Voluntary Exile]
[16:49:39] [Server thread/INFO]: ZaosKeysalor has made the advancement [Ol' Betsy]
[17:04:01] [Server thread/INFO]: ZaosKeysalor fell off scaffolding
[17:18:47] [User Authenticator #65/INFO]: UUID of player MissMinuArt is dca46a5d-5d60-487e-9bf7-e9d7eb1239dc
[17:18:47] [Server thread/INFO]: MissMinuArt[/152.172.121.123:56900] logged in with entity id 413165 at (3359.762499988079, 112.0, -1365.7325932205993)
[17:18:47] [Server thread/INFO]: MissMinuArt joined the game
[17:27:58] [Server thread/INFO]: ZaosKeysalor was slain by MissMinuArt
[17:28:00] [Server thread/WARN]: ZaosKeysalor moved too quickly! -10.199999988079071,-4.0,1.800000011920929
[17:28:14] [Server thread/INFO]: MissMinuArt was slain by ZaosKeysalor
[17:29:44] [Server thread/INFO]: ZaosKeysalor was slain by MissMinuArt
[17:39:14] [Server thread/WARN]: Horse (vehicle of ZaosKeysalor) moved wrongly! 0.33477512841773205
[18:05:39] [Server thread/INFO]: ZaosKeysalor fell from a high place
[18:06:02] [Server thread/INFO]: MissMinuArt fell from a high place
[18:11:58] [Server thread/INFO]: MissMinuArt was slain by ZaosKeysalor
[19:00:44] [Server thread/INFO]: MissMinuArt has made the advancement [The Parrots and the Bats]
[19:33:42] [Server thread/INFO]: MissMinuArt lost connection: Disconnected
[19:33:42] [Server thread/INFO]: MissMinuArt left the game
[19:34:45] [User Authenticator #66/INFO]: UUID of player MissMinuArt is dca46a5d-5d60-487e-9bf7-e9d7eb1239dc
[19:34:45] [Server thread/INFO]: MissMinuArt[/152.172.121.123:59024] logged in with entity id 441573 at (3361.5, 112.5625, -1352.5)
[19:34:45] [Server thread/INFO]: MissMinuArt joined the game
[19:35:37] [Server thread/INFO]: ZaosKeysalor lost connection: Disconnected
[19:35:37] [Server thread/INFO]: ZaosKeysalor left the game
[19:38:40] [Server thread/INFO]: MissMinuArt lost connection: Disconnected
[19:38:40] [Server thread/INFO]: MissMinuArt left the game
[19:44:29] [User Authenticator #67/INFO]: UUID of player ZaosKeysalor is c9f947b0-af80-47c3-a303-5740993c2038
[19:44:29] [Server thread/INFO]: ZaosKeysalor[/152.172.121.123:51303] logged in with entity id 442228 at (3359.762499988079, 112.0, -1365.9013753890713)
[19:44:29] [Server thread/INFO]: ZaosKeysalor joined the game
[19:50:24] [User Authenticator #68/INFO]: UUID of player MissMinuArt is dca46a5d-5d60-487e-9bf7-e9d7eb1239dc
[19:50:25] [Server thread/INFO]: MissMinuArt[/152.172.121.123:59140] logged in with entity id 443626 at (3358.931750436669, 112.0, -1354.0276244212685)
[19:50:25] [Server thread/INFO]: MissMinuArt joined the game
[20:16:05] [User Authenticator #69/INFO]: UUID of player Sleeping_and is 5d9be168-fd25-4c47-b6c0-84c85f10f386
[20:16:05] [Server thread/INFO]: Sleeping_and[/200.85.210.202:55063] logged in with entity id 449290 at (3383.5, 86.5625, -1266.5)
[20:16:05] [Server thread/INFO]: Sleeping_and joined the game
[20:17:28] [Server thread/INFO]: MissMinuArt was slain by Sleeping_and
[20:19:19] [Server thread/INFO]: Sleeping_and was shot by ZaosKeysalor
[20:19:21] [Server thread/WARN]: Sleeping_and moved too quickly! 11.422093775518533,-25.4375,95.27263904384108
[20:22:53] [User Authenticator #70/INFO]: UUID of player Irasoma is a2617195-1554-4a1e-a999-c3875761266e
[20:22:53] [Server thread/INFO]: Irasoma[/192.168.1.1:51344] logged in with entity id 451120 at (3405.9457840630844, 16.26285788984994, -1226.1482214079097)
[20:22:53] [Server thread/INFO]: Irasoma joined the game
[20:24:58] [Server thread/INFO]: Sleeping_and was impaled by Irasoma with [Ocean Assault]
[20:24:59] [Server thread/WARN]: Sleeping_and moved too quickly! 17.03582655803075,-29.4375,89.88985262557844
[20:29:10] [Server thread/INFO]: Sleeping_and was killed
[20:29:10] [Server thread/INFO]: [Irasoma: Killed Sleeping_and]
[20:35:33] [Server thread/INFO]: MissMinuArt was slain by Sleeping_and
[20:35:38] [Server thread/INFO]: [Irasoma: Teleported MissMinuArt to Irasoma]
[20:35:47] [Server thread/INFO]: [Irasoma: Teleported MissMinuArt to Irasoma]
[20:37:03] [Server thread/INFO]: Locating element minecraft:dark_forest took 839 ms
[20:38:55] [Server thread/INFO]: ZaosKeysalor was slain by Sleeping_and
[20:39:01] [Server thread/INFO]: Sleeping_and was slain by ZaosKeysalor
[20:39:02] [Server thread/WARN]: Sleeping_and moved too quickly! 20.426845581041107,-25.4375,96.19999998807907
[20:39:08] [Server thread/INFO]: [Irasoma: Teleported ZaosKeysalor to 3949.500000, 123.000000, -2732.500000]
[20:39:08] [Server thread/WARN]: ZaosKeysalor moved too quickly! 594.3024032215158,9.747796659746271,-1367.551828232778
[20:39:10] [Server thread/INFO]: ZaosKeysalor fell from a high place
[20:39:44] [Server thread/INFO]: [Irasoma: Teleported ZaosKeysalor to 3949.500000, 60.000000, -2732.500000]
[20:39:44] [Server thread/WARN]: ZaosKeysalor moved too quickly! 567.4044717507777,-55.0,-1369.4646152066507
[20:39:54] [Server thread/INFO]: [Irasoma: Teleported ZaosKeysalor to 3949.500000, 80.000000, -2732.500000]
[20:40:05] [Server thread/INFO]: [Irasoma: Teleported MissMinuArt to 3949.500000, 80.000000, -2732.500000]
[20:40:11] [Server thread/INFO]: [Irasoma: Teleported Sleeping_and to 3949.500000, 80.000000, -2732.500000]
[20:40:26] [Server thread/INFO]: [Irasoma: Teleported Sleeping_and to Irasoma]
[20:40:35] [Server thread/INFO]: [Irasoma: Teleported Sleeping_and to 3949.500000, 80.000000, -2732.500000]
[20:41:12] [Server thread/INFO]: Sleeping_and drowned
[20:41:18] [Server thread/INFO]: [Irasoma: Gave 1 [Light Gray Bed] to 4]
[20:45:16] [Server thread/INFO]: Sleeping_and was killed
[20:45:16] [Server thread/INFO]: [Irasoma: Killed Sleeping_and]
[20:49:04] [Server thread/INFO]: [Irasoma: Successfully filled 5460 block(s)]
[20:49:52] [Server thread/INFO]: [Irasoma: Successfully filled 256 block(s)]
[20:50:07] [Server thread/INFO]: [Irasoma: Successfully filled 286 block(s)]
[20:50:15] [Server thread/INFO]: [Irasoma: Successfully filled 84 block(s)]
[20:50:58] [Server thread/INFO]: [Irasoma: Successfully filled 5720 block(s)]
[20:51:25] [Server thread/INFO]: [Irasoma: Successfully filled 19292 block(s)]
[20:52:09] [Server thread/INFO]: [Irasoma: Teleported MissMinuArt to 3949.500000, 80.000000, -2732.500000]
[20:52:34] [Server thread/INFO]: Irasoma lost connection: Disconnected
[20:52:34] [Server thread/INFO]: Irasoma left the game
[20:52:43] [Server thread/INFO]: ZaosKeysalor lost connection: Disconnected
[20:52:43] [Server thread/INFO]: ZaosKeysalor left the game
[20:52:55] [User Authenticator #72/INFO]: UUID of player Irasoma is a2617195-1554-4a1e-a999-c3875761266e
[20:52:55] [User Authenticator #71/INFO]: UUID of player ZaosKeysalor is c9f947b0-af80-47c3-a303-5740993c2038
[20:52:55] [Server thread/INFO]: Irasoma[/192.168.1.1:51656] logged in with entity id 462737 at (3411.734098226225, 49.0, -1209.471989382833)
[20:52:55] [Server thread/INFO]: Irasoma joined the game
[20:52:55] [Server thread/INFO]: ZaosKeysalor[/152.172.121.123:51774] logged in with entity id 462745 at (3662.1953987256734, 70.0, -2043.3416296666271)
[20:52:55] [Server thread/INFO]: ZaosKeysalor joined the game
[20:55:33] [Server thread/INFO]: [Irasoma: Successfully filled 8552 block(s)]
[20:56:18] [Server thread/INFO]: [Irasoma: Successfully filled 19339 block(s)]
[20:56:43] [Server thread/INFO]: [Irasoma: Successfully filled 1078 block(s)]
[20:57:03] [Server thread/INFO]: Sleeping_and was slain by ZaosKeysalor
[20:57:28] [Server thread/INFO]: [Irasoma: Successfully filled 24193 block(s)]
[20:58:21] [Server thread/INFO]: [Irasoma: Successfully filled 25709 block(s)]
[20:58:41] [Server thread/INFO]: [Irasoma: Successfully filled 25703 block(s)]
[20:58:57] [Server thread/INFO]: [Irasoma: Successfully filled 13364 block(s)]
[21:05:00] [Server thread/INFO]: Irasoma lost connection: Disconnected
[21:05:00] [Server thread/INFO]: Irasoma left the game
[21:05:02] [Server thread/INFO]: Sleeping_and lost connection: Disconnected
[21:05:02] [Server thread/INFO]: Sleeping_and left the game
[21:05:33] [User Authenticator #73/INFO]: UUID of player Sleeping_and is 5d9be168-fd25-4c47-b6c0-84c85f10f386
[21:05:33] [Server thread/INFO]: Sleeping_and[/200.85.210.202:56188] logged in with entity id 470410 at (3395.300000011921, -14.5, -1174.7206277386492)
[21:05:33] [Server thread/INFO]: Sleeping_and joined the game
[21:06:35] [User Authenticator #74/INFO]: Disconnecting ElvelKnio (/152.172.110.45:60728): Failed to verify username!
[21:06:35] [User Authenticator #74/ERROR]: Username 'ElvelKnio' tried to join with an invalid session
[21:06:35] [Server thread/INFO]: ElvelKnio (/152.172.110.45:60728) lost connection: Failed to verify username!
[21:06:49] [User Authenticator #75/INFO]: Disconnecting ElvelKnio (/152.172.110.45:60741): Failed to verify username!
[21:06:49] [User Authenticator #75/ERROR]: Username 'ElvelKnio' tried to join with an invalid session
[21:06:49] [Server thread/INFO]: ElvelKnio (/152.172.110.45:60741) lost connection: Failed to verify username!
[21:07:03] [User Authenticator #76/INFO]: Disconnecting ElvelKnio (/152.172.110.45:60746): Failed to verify username!
[21:07:03] [User Authenticator #76/ERROR]: Username 'ElvelKnio' tried to join with an invalid session
[21:07:03] [Server thread/INFO]: ElvelKnio (/152.172.110.45:60746) lost connection: Failed to verify username!
[21:07:08] [Server thread/INFO]: MissMinuArt has made the advancement [Who is Cutting Onions?]
[21:07:08] [User Authenticator #77/INFO]: UUID of player Irasoma is a2617195-1554-4a1e-a999-c3875761266e
[21:07:08] [Server thread/INFO]: Irasoma[/192.168.1.1:51794] logged in with entity id 471324 at (3395.668886822164, -5.829575535233817, -1183.3188906440305)
[21:07:08] [Server thread/INFO]: Irasoma joined the game
[21:07:42] [Server thread/INFO]: MissMinuArt has made the advancement [Ice Bucket Challenge]
[21:09:44] [Server thread/INFO]: ZaosKeysalor fell off scaffolding
[21:13:02] [Server thread/INFO]: Sleeping_and has made the advancement [Ice Bucket Challenge]
[21:13:53] [Server thread/INFO]: [Irasoma: Successfully filled 12259 block(s)]
[21:14:38] [Server thread/INFO]: [Irasoma: Successfully filled 3969 block(s)]
[21:14:54] [Server thread/INFO]: [Irasoma: Successfully filled 3200 block(s)]
[21:15:20] [Server thread/INFO]: [Irasoma: Successfully filled 2386 block(s)]
[21:15:34] [Server thread/INFO]: [Irasoma: Successfully filled 4001 block(s)]
[21:15:44] [Server thread/INFO]: [Irasoma: Successfully filled 2230 block(s)]
[21:16:19] [Server thread/INFO]: [Irasoma: Teleported MissMinuArt to ZaosKeysalor]
[21:16:49] [Server thread/INFO]: Irasoma lost connection: Disconnected
[21:16:49] [Server thread/INFO]: Irasoma left the game
[21:16:59] [Server thread/INFO]: Sleeping_and lost connection: Disconnected
[21:16:59] [Server thread/INFO]: Sleeping_and left the game
[21:17:33] [User Authenticator #78/INFO]: UUID of player Sleeping_and is 5d9be168-fd25-4c47-b6c0-84c85f10f386
[21:17:33] [Server thread/INFO]: Sleeping_and[/200.85.210.202:56306] logged in with entity id 475908 at (3211.7249423701915, -53.0, -997.4488690330226)
[21:17:33] [Server thread/INFO]: Sleeping_and joined the game
[21:19:14] [Server thread/INFO]: Sleeping_and tried to swim in lava
[21:19:15] [Server thread/WARN]: Sleeping_and moved too quickly! 165.84762192894095,142.7000001525879,-270.04797493246883
[21:21:17] [Server thread/INFO]: Sleeping_and has made the advancement [We Need to Go Deeper]
[21:21:18] [Server thread/WARN]: MissMinuArt moved too quickly! -10.06609849851884,0.0,-1.9640760368147312
[21:21:18] [Server thread/WARN]: Can't keep up! Is the server overloaded? Running 4254ms or 85 ticks behind
[21:21:29] [Server thread/INFO]: MissMinuArt has made the advancement [We Need to Go Deeper]
[21:21:55] [User Authenticator #79/INFO]: UUID of player Irasoma is a2617195-1554-4a1e-a999-c3875761266e
[21:21:55] [Server thread/INFO]: Irasoma[/192.168.1.1:51982] logged in with entity id 477323 at (3406.1021899525012, 18.589919693650256, -1225.160230394146)
[21:21:55] [Server thread/INFO]: Irasoma joined the game
[21:22:50] [Server thread/INFO]: Irasoma has made the advancement [We Need to Go Deeper]
[21:28:43] [Server thread/INFO]: [Irasoma: Set own game mode to Survival Mode]
[21:29:10] [Server thread/INFO]: Irasoma lost connection: Disconnected
[21:29:10] [Server thread/INFO]: Irasoma left the game
[21:29:55] [User Authenticator #80/INFO]: UUID of player Irasoma is a2617195-1554-4a1e-a999-c3875761266e
[21:29:55] [Server thread/INFO]: Irasoma[/192.168.1.1:52070] logged in with entity id 480759 at (422.58463884754985, 95.0, -157.3475204813211)
[21:29:55] [Server thread/INFO]: Irasoma joined the game
[21:30:16] [Server thread/INFO]: [Irasoma: Set own game mode to Creative Mode]
[21:32:19] [Server thread/INFO]: Sleeping_and tried to swim in lava
[21:34:46] [Server thread/INFO]: Sleeping_and fell from a high place
[21:37:46] [User Authenticator #81/INFO]: UUID of player Reeckk is 93237272-4e50-4b2f-8bc4-f3c2d284a9d6
[21:37:46] [Server thread/INFO]: Reeckk[/152.172.110.45:62420] logged in with entity id 484221 at (5.5, 100.0, 5.5)
[21:37:46] [Server thread/INFO]: Reeckk joined the game
[21:38:01] [Server thread/WARN]: Mismatch in destroy block pos: hx{x=0, y=0, z=0} hx{x=1, y=102, z=-1}
[21:38:01] [Server thread/WARN]: Mismatch in destroy block pos: hx{x=0, y=0, z=0} hx{x=1, y=102, z=-1}
[21:38:20] [Server thread/WARN]: Mismatch in destroy block pos: hx{x=0, y=0, z=0} hx{x=0, y=102, z=-5}
[21:38:20] [Server thread/WARN]: Mismatch in destroy block pos: hx{x=0, y=0, z=0} hx{x=0, y=102, z=-6}
[21:38:20] [Server thread/WARN]: Mismatch in destroy block pos: hx{x=0, y=0, z=0} hx{x=1, y=102, z=-6}
[21:38:26] [Server thread/INFO]: Sleeping_and tried to swim in lava to escape Ghast
[21:39:08] [Server thread/INFO]: ZaosKeysalor was slain by Sleeping_and
[21:39:25] [Server thread/INFO]: Sleeping_and was shot by ZaosKeysalor
[21:39:26] [Server thread/WARN]: Sleeping_and moved too quickly! 11.156268306070615,-26.0,86.312206031178
[21:40:09] [Server thread/INFO]: [Irasoma: Teleported Reeckk to ZaosKeysalor]
[21:41:13] [User Authenticator #82/INFO]: UUID of player YourTextHere12 is ed39aad8-636d-4e94-975e-63c36809c427
[21:41:13] [Server thread/INFO]: YourTextHere12[/186.79.126.90:58975] logged in with entity id 485930 at (-0.5, 99.0, 3.5)
[21:41:13] [Server thread/INFO]: YourTextHere12 joined the game
[21:41:34] [Server thread/INFO]: Reeckk has made the advancement [Isn't It Iron Pick]
[21:42:03] [Server thread/INFO]: [Irasoma: Teleported YourTextHere12 to Irasoma]
[21:42:03] [Server thread/WARN]: YourTextHere12 moved too quickly! 3377.459681931221,-15.921599998474122,-1278.0642120892867
[21:42:54] [Server thread/INFO]: [Irasoma: Teleported MissMinuArt to Irasoma]
[21:45:20] [Server thread/INFO]: MissMinuArt was doomed to fall by ZaosKeysalor
[21:45:29] [Server thread/INFO]: Reeckk has made the advancement [Stone Age]
[21:46:07] [Server thread/INFO]: Sleeping_and was shot by ZaosKeysalor
[21:46:09] [Server thread/WARN]: Sleeping_and moved too quickly! 19.541499204376123,-26.0,105.02451876065038
[21:48:40] [Server thread/INFO]: YourTextHere12 lost connection: Disconnected
[21:48:40] [Server thread/INFO]: YourTextHere12 left the game
[21:48:43] [Server thread/INFO]: Reeckk has made the advancement [Monster Hunter]
[21:50:00] [Server thread/INFO]: Reeckk has made the advancement [Sweet Dreams]
[21:50:01] [Server thread/INFO]: Irasoma lost connection: Disconnected
[21:50:01] [Server thread/INFO]: Irasoma left the game
[21:50:49] [User Authenticator #83/INFO]: UUID of player Irasoma is a2617195-1554-4a1e-a999-c3875761266e
[21:50:49] [Server thread/INFO]: Irasoma[/192.168.1.1:52254] logged in with entity id 490435 at (3362.5579573697237, 48.0, -1240.4560654244196)
[21:50:49] [Server thread/INFO]: Irasoma joined the game
[21:51:54] [Server thread/INFO]: Sleeping_and was blown up by Creeper
[21:53:15] [Server thread/INFO]: MissMinuArt was shot by ZaosKeysalor
[21:53:23] [Server thread/INFO]: [Irasoma: Successfully filled 15716 block(s)]
[21:53:37] [Server thread/INFO]: [Irasoma: Successfully filled 47 block(s)]
[21:53:49] [Server thread/INFO]: ZaosKeysalor was doomed to fall by MissMinuArt using [Ocean Assault]
[21:54:23] [Server thread/INFO]: MissMinuArt was slain by ZaosKeysalor
[21:54:31] [Server thread/INFO]: [Irasoma: Successfully filled 11279 block(s)]
[21:54:39] [Server thread/INFO]: [Irasoma: Successfully filled 12344 block(s)]
[21:54:43] [Server thread/INFO]: ZaosKeysalor was impaled by MissMinuArt
[21:54:56] [Server thread/INFO]: [Irasoma: Successfully filled 12555 block(s)]
[21:55:05] [Server thread/INFO]: [Irasoma: Successfully filled 12555 block(s)]
[21:55:18] [Server thread/INFO]: [Irasoma: Successfully filled 27621 block(s)]
[21:55:39] [Server thread/INFO]: ZaosKeysalor was impaled by MissMinuArt
[22:00:08] [Server thread/INFO]: [Irasoma: Successfully filled 15597 block(s)]
[22:00:15] [Server thread/INFO]: [Irasoma: Successfully filled 20 block(s)]
[22:00:39] [Server thread/INFO]: [Irasoma: Successfully filled 15747 block(s)]
[22:00:47] [Server thread/INFO]: [Irasoma: Successfully filled 16760 block(s)]
[22:00:58] [Server thread/INFO]: [Irasoma: Successfully filled 25140 block(s)]
[22:01:34] [Server thread/INFO]: [Irasoma: Successfully filled 19274 block(s)]
[22:01:56] [Server thread/INFO]: Irasoma lost connection: Disconnected
[22:01:56] [Server thread/INFO]: Irasoma left the game
[22:02:59] [Server thread/INFO]: Reeckk has made the advancement [Acquire Hardware]
[22:03:57] [Server thread/INFO]: Reeckk has made the advancement [Suit Up]
[22:06:55] [Server thread/WARN]: ZaosKeysalor moved wrongly!
[22:09:37] [Server thread/INFO]: ZaosKeysalor hit the ground too hard
[22:10:02] [User Authenticator #84/INFO]: UUID of player Irasoma is a2617195-1554-4a1e-a999-c3875761266e
[22:10:02] [Server thread/INFO]: Irasoma[/192.168.1.1:52415] logged in with entity id 497989 at (3357.3769825197796, 23.09716940001021, -1213.9962162839652)
[22:10:02] [Server thread/INFO]: Irasoma joined the game
[22:14:42] [Server thread/INFO]: Irasoma lost connection: Disconnected
[22:14:42] [Server thread/INFO]: Irasoma left the game
[22:15:09] [Server thread/INFO]: Sleeping_and was slain by Spider
[22:15:36] [Server thread/INFO]: <Sleeping_and> tutooo
[22:16:08] [Server thread/INFO]: Reeckk lost connection: Disconnected
[22:16:08] [Server thread/INFO]: Reeckk left the game
[22:17:39] [Server thread/INFO]: MissMinuArt was slain by ZaosKeysalor
[22:17:56] [Server thread/INFO]: ZaosKeysalor lost connection: Disconnected
[22:17:56] [Server thread/INFO]: ZaosKeysalor left the game
[22:18:25] [Server thread/INFO]: Sleeping_and lost connection: Disconnected
[22:18:25] [Server thread/INFO]: Sleeping_and left the game
[23:58:47] [User Authenticator #85/INFO]: UUID of player LeeroyPerkins is 2bdc2115-56e5-455a-ae7a-ec0c69f7e3cb
[23:58:47] [Server thread/INFO]: LeeroyPerkins[/186.78.110.161:59725] logged in with entity id 500217 at (3424.382188159877, 114.0, -1384.0929478008552)
[23:58:47] [Server thread/INFO]: LeeroyPerkins joined the game
