[06:01:38] [ServerMain/INFO]: Environment: Environment[sessionHost=https://sessionserver.mojang.com, servicesHost=https://api.minecraftservices.com, name=PROD]
[06:01:40] [ServerMain/INFO]: Loaded 7 recipes
[06:01:40] [ServerMain/INFO]: Loaded 1271 advancements
[06:01:41] [Server thread/INFO]: Starting minecraft server version 1.20.4
[06:01:41] [Server thread/INFO]: Loading properties
[06:01:41] [Server thread/INFO]: Default game type: SURVIVAL
[06:01:41] [Server thread/INFO]: Generating keypair
[06:01:41] [Server thread/INFO]: Starting Minecraft server on 0.0.0.0:27000
[06:01:41] [Server thread/INFO]: Using epoll channel type
[06:01:41] [Server thread/INFO]: Preparing level "world"
[06:01:42] [Server thread/INFO]: Preparing start region for dimension minecraft:overworld
[06:01:45] [Worker-Main-11/INFO]: Preparing spawn area: 0%
[06:01:45] [Worker-Main-1/INFO]: Preparing spawn area: 0%
[06:01:45] [Worker-Main-20/INFO]: Preparing spawn area: 0%
[06:01:45] [Worker-Main-20/INFO]: Preparing spawn area: 0%
[06:01:45] [Worker-Main-11/INFO]: Preparing spawn area: 0%
[06:01:45] [Worker-Main-20/INFO]: Preparing spawn area: 0%
[06:01:45] [Worker-Main-17/INFO]: Preparing spawn area: 0%
[06:01:46] [Worker-Main-7/INFO]: Preparing spawn area: 0%
[06:01:46] [Worker-Main-17/INFO]: Preparing spawn area: 0%
[06:01:47] [Worker-Main-16/INFO]: Preparing spawn area: 7%
[06:01:47] [Worker-Main-16/INFO]: Preparing spawn area: 58%
[06:01:48] [Server thread/INFO]: Time elapsed: 5370 ms
[06:01:48] [Server thread/INFO]: Done (6.265s)! For help, type "help"
