[00:12:28] [Server thread/INFO]: Sleeping_and lost connection: Disconnected
[00:12:28] [Server thread/INFO]: Sleeping_and left the game
[00:12:39] [User Authenticator #17/INFO]: UUID of player Sleeping_and is 5d9be168-fd25-4c47-b6c0-84c85f10f386
[00:12:39] [Server thread/INFO]: Sleeping_and[/200.85.212.55:52110] logged in with entity id 82851 at (3310.001017225072, 31.0, -1301.0375124451164)
[00:12:39] [Server thread/INFO]: Sleeping_and joined the game
[00:13:30] [Server thread/INFO]: MissMinuArt was slain by Enderman
[00:13:32] [Server thread/INFO]: No player was found
[00:13:47] [Server thread/WARN]: MissMinuArt moved too quickly! 11.500409114681133,1.0,-47.030012755830285
[00:13:54] [Server thread/INFO]: You whisper to ZaosKeysalor: Creo que asi les puedo hablar desde consola
[00:13:54] [Server thread/INFO]: You whisper to Sleeping_and: Creo que asi les puedo hablar desde consola
[00:13:54] [Server thread/INFO]: You whisper to MissMinuArt: Creo que asi les puedo hablar desde consola
[00:14:04] [Server thread/INFO]: <Sleeping_and> SII
[00:14:06] [Server thread/INFO]: <Sleeping_and> xD
[00:14:13] [Server thread/INFO]: <ZaosKeysalor> dios? eres tu?
[00:14:39] [Server thread/INFO]: You whisper to ZaosKeysalor: se murio el gatito xd, como se la come un ender?
[00:14:39] [Server thread/INFO]: You whisper to Sleeping_and: se murio el gatito xd, como se la come un ender?
[00:14:39] [Server thread/INFO]: You whisper to MissMinuArt: se murio el gatito xd, como se la come un ender?
[00:14:54] [Server thread/INFO]: You whisper to ZaosKeysalor: dios sos vos? 
[00:14:54] [Server thread/INFO]: You whisper to Sleeping_and: dios sos vos? 
[00:14:54] [Server thread/INFO]: You whisper to MissMinuArt: dios sos vos? 
[00:15:36] [Server thread/INFO]: You whisper to ZaosKeysalor: estaba revisando la consola desde el celu xd, como primer decreto, se les otorgara 1 papa a todos
[00:15:36] [Server thread/INFO]: You whisper to Sleeping_and: estaba revisando la consola desde el celu xd, como primer decreto, se les otorgara 1 papa a todos
[00:15:36] [Server thread/INFO]: You whisper to MissMinuArt: estaba revisando la consola desde el celu xd, como primer decreto, se les otorgara 1 papa a todos
[00:16:55] [Server thread/INFO]: You whisper to ZaosKeysalor: en cuanto averigue como ajajsjaj
[00:16:55] [Server thread/INFO]: You whisper to Sleeping_and: en cuanto averigue como ajajsjaj
[00:16:55] [Server thread/INFO]: You whisper to MissMinuArt: en cuanto averigue como ajajsjaj
[00:17:53] [Server thread/INFO]: No player was found
[00:18:15] [Server thread/INFO]: You whisper to Sleeping_and: Dice la ana que cierres el stream 
[00:19:09] [Server thread/INFO]: Gave 1 [Potato] to 3
[00:19:25] [Server thread/INFO]: You whisper to ZaosKeysalor: la papa ha sido otorgada
[00:19:25] [Server thread/INFO]: You whisper to Sleeping_and: la papa ha sido otorgada
[00:19:25] [Server thread/INFO]: You whisper to MissMinuArt: la papa ha sido otorgada
[00:20:28] [Server thread/INFO]: You whisper to ZaosKeysalor: por si acaso los puedo leer desde consola, quede hablando sola, les quito la papa >.>
[00:20:28] [Server thread/INFO]: You whisper to Sleeping_and: por si acaso los puedo leer desde consola, quede hablando sola, les quito la papa >.>
[00:20:28] [Server thread/INFO]: You whisper to MissMinuArt: por si acaso los puedo leer desde consola, quede hablando sola, les quito la papa >.>
[00:20:40] [Server thread/INFO]: <ZaosKeysalor> xd
[00:20:43] [Server thread/INFO]: <Sleeping_and> gracias por la papa dios
[00:21:00] [Server thread/INFO]: <Sleeping_and> es mas lo que me ha dado dios
[00:22:36] [Server thread/INFO]: You whisper to ZaosKeysalor: xd
[00:22:36] [Server thread/INFO]: You whisper to Sleeping_and: xd
[00:22:36] [Server thread/INFO]: You whisper to MissMinuArt: xd
[00:25:08] [Server thread/INFO]: Sleeping_and lost connection: Disconnected
[00:25:08] [Server thread/INFO]: Sleeping_and left the game
[00:25:16] [User Authenticator #18/INFO]: UUID of player Sleeping_and is 5d9be168-fd25-4c47-b6c0-84c85f10f386
[00:25:17] [Server thread/INFO]: Sleeping_and[/200.85.212.55:52145] logged in with entity id 85435 at (3373.699999988079, 12.0, -1301.2140592369867)
[00:25:17] [Server thread/INFO]: Sleeping_and joined the game
[00:25:29] [Server thread/INFO]: You whisper to ZaosKeysalor: se cayo el chino?
[00:25:29] [Server thread/INFO]: You whisper to MissMinuArt: se cayo el chino?
[00:25:29] [Server thread/INFO]: You whisper to Sleeping_and: se cayo el chino?
[00:25:35] [Server thread/INFO]: <ZaosKeysalor> nope
[00:25:39] [Server thread/INFO]: <ZaosKeysalor> era pa dorm,ir
[00:25:41] [Server thread/INFO]: <Sleeping_and> me sali porque no tengo lanita
[00:25:49] [Server thread/INFO]: <Sleeping_and> y estoy explorando
[00:25:59] [Server thread/INFO]: You whisper to ZaosKeysalor: aaaaah si, recien lei el log de eventos
[00:25:59] [Server thread/INFO]: You whisper to MissMinuArt: aaaaah si, recien lei el log de eventos
[00:25:59] [Server thread/INFO]: You whisper to Sleeping_and: aaaaah si, recien lei el log de eventos
[00:26:25] [Server thread/INFO]: You whisper to ZaosKeysalor: puedo detener el ciclo de dia/noche si quieren
[00:26:25] [Server thread/INFO]: You whisper to MissMinuArt: puedo detener el ciclo de dia/noche si quieren
[00:26:25] [Server thread/INFO]: You whisper to Sleeping_and: puedo detener el ciclo de dia/noche si quieren
[00:26:35] [Server thread/INFO]: <ZaosKeysalor> no tranqui
[00:26:41] [Server thread/INFO]: <Sleeping_and> tranquila esta bien el server
[00:27:14] [Server thread/INFO]: You whisper to ZaosKeysalor: si, si estoy echando un ojo a sistema a ver que puedo agregar. Termino de soltarles un dragon y me voy a dormir 
[00:27:14] [Server thread/INFO]: You whisper to MissMinuArt: si, si estoy echando un ojo a sistema a ver que puedo agregar. Termino de soltarles un dragon y me voy a dormir 
[00:27:14] [Server thread/INFO]: You whisper to Sleeping_and: si, si estoy echando un ojo a sistema a ver que puedo agregar. Termino de soltarles un dragon y me voy a dormir 
[00:28:02] [Server thread/INFO]: <ZaosKeysalor> dios?
[00:28:04] [Server thread/INFO]: Villager cev['Villager'/85879, l='ServerLevel[world]', x=3658.62, y=67.25, z=-1373.26] died, message: 'Villager burned to death'
[00:28:11] [Server thread/INFO]: <ZaosKeysalor> puedo montar un caballo sin la montura?
[00:28:12] [Server thread/INFO]: You whisper to ZaosKeysalor: se salvaron, no puedo soltarles un dragon sin coordenadas
[00:28:12] [Server thread/INFO]: You whisper to MissMinuArt: se salvaron, no puedo soltarles un dragon sin coordenadas
[00:28:12] [Server thread/INFO]: You whisper to Sleeping_and: se salvaron, no puedo soltarles un dragon sin coordenadas
[00:28:15] [Server thread/INFO]: <ZaosKeysalor> a lo spirit?
[00:28:50] [Server thread/INFO]: You whisper to ZaosKeysalor: montandolo una y otra vez lo domas, pero no puedes "conducirlo" necesitas la montura si o si
[00:28:50] [Server thread/INFO]: You whisper to MissMinuArt: montandolo una y otra vez lo domas, pero no puedes "conducirlo" necesitas la montura si o si
[00:28:50] [Server thread/INFO]: You whisper to Sleeping_and: montandolo una y otra vez lo domas, pero no puedes "conducirlo" necesitas la montura si o si
[00:32:28] [Server thread/INFO]: Gave 1 [Saddle] to ZaosKeysalor
[00:33:12] [Server thread/INFO]: You whisper to ZaosKeysalor: Ahi teni, vaya por su poni
[00:33:12] [Server thread/INFO]: You whisper to MissMinuArt: Ahi teni, vaya por su poni
[00:33:12] [Server thread/INFO]: You whisper to Sleeping_and: Ahi teni, vaya por su poni
[00:33:21] [Server thread/INFO]: You whisper to ZaosKeysalor: Me hago espuma
[00:33:21] [Server thread/INFO]: You whisper to MissMinuArt: Me hago espuma
[00:33:21] [Server thread/INFO]: You whisper to Sleeping_and: Me hago espuma
[00:33:41] [Server thread/INFO]: <ZaosKeysalor> gracias Dios!
[00:34:12] [Server thread/INFO]: You whisper to ZaosKeysalor: Ahora quiero mi sacrificio maya en la cima de una montaña
[00:34:12] [Server thread/INFO]: You whisper to MissMinuArt: Ahora quiero mi sacrificio maya en la cima de una montaña
[00:34:12] [Server thread/INFO]: You whisper to Sleeping_and: Ahora quiero mi sacrificio maya en la cima de una montaña
[00:34:58] [Server thread/WARN]: Horse (vehicle of ZaosKeysalor) moved wrongly! 0.266394626085912
[00:35:05] [Server thread/WARN]: Horse (vehicle of ZaosKeysalor) moved wrongly! 0.2708928431852655
[00:37:52] [Server thread/INFO]: <ZaosKeysalor> el gato sacrifico un gato naranja
[00:38:18] [Server thread/INFO]: You whisper to ZaosKeysalor: ._. 
[00:38:18] [Server thread/INFO]: You whisper to MissMinuArt: ._. 
[00:38:18] [Server thread/INFO]: You whisper to Sleeping_and: ._. 
[00:39:02] [Server thread/INFO]: Sleeping_and lost connection: Disconnected
[00:39:02] [Server thread/INFO]: Sleeping_and left the game
[00:39:17] [User Authenticator #19/INFO]: UUID of player Sleeping_and is 5d9be168-fd25-4c47-b6c0-84c85f10f386
[00:39:17] [Server thread/INFO]: Sleeping_and[/200.85.212.55:52182] logged in with entity id 91878 at (3395.6393424909256, 72.0, -1261.2002977193617)
[00:39:17] [Server thread/INFO]: Sleeping_and joined the game
[00:39:55] [Server thread/INFO]: You whisper to ZaosKeysalor: sha, ahora si, cambio y fuera, me voy al tuto, bye
[00:39:55] [Server thread/INFO]: You whisper to MissMinuArt: sha, ahora si, cambio y fuera, me voy al tuto, bye
[00:39:55] [Server thread/INFO]: You whisper to Sleeping_and: sha, ahora si, cambio y fuera, me voy al tuto, bye
[00:40:10] [Server thread/INFO]: <ZaosKeysalor> xaoo
[00:40:12] [Server thread/INFO]: <Sleeping_and> wenas noches
[00:40:23] [Server thread/INFO]: <MissMinuArt> bye!
[00:42:50] [Server thread/INFO]: MissMinuArt lost connection: Disconnected
[00:42:50] [Server thread/INFO]: MissMinuArt left the game
[00:48:46] [Server thread/INFO]: ZaosKeysalor lost connection: Disconnected
[00:48:46] [Server thread/INFO]: ZaosKeysalor left the game
[01:31:36] [Server thread/INFO]: Sleeping_and lost connection: Disconnected
[01:31:36] [Server thread/INFO]: Sleeping_and left the game
[10:53:33] [User Authenticator #20/INFO]: UUID of player MissMinuArt is dca46a5d-5d60-487e-9bf7-e9d7eb1239dc
[10:53:33] [Server thread/INFO]: MissMinuArt[/152.172.247.197:58171] logged in with entity id 101707 at (3619.894086666097, 63.0, -1381.38182074291)
[10:53:33] [Server thread/INFO]: MissMinuArt joined the game
[11:40:41] [Server thread/INFO]: MissMinuArt was slain by Spider
[12:19:03] [Server thread/INFO]: MissMinuArt lost connection: Disconnected
[12:19:03] [Server thread/INFO]: MissMinuArt left the game
[12:19:08] [User Authenticator #21/INFO]: UUID of player MissMinuArt is dca46a5d-5d60-487e-9bf7-e9d7eb1239dc
[12:19:08] [Server thread/INFO]: MissMinuArt[/152.172.247.197:59480] logged in with entity id 114741 at (3601.32017990407, 97.0, -1516.3832639898292)
[12:19:08] [Server thread/INFO]: MissMinuArt joined the game
[12:30:49] [Server thread/INFO]: MissMinuArt lost connection: Disconnected
[12:30:49] [Server thread/INFO]: MissMinuArt left the game
[19:45:34] [User Authenticator #22/INFO]: UUID of player MissMinuArt is dca46a5d-5d60-487e-9bf7-e9d7eb1239dc
[19:45:34] [Server thread/INFO]: MissMinuArt[/152.172.247.197:64113] logged in with entity id 117209 at (3592.8595742878306, 122.0, -1546.7334728011283)
[19:45:34] [Server thread/INFO]: MissMinuArt joined the game
[19:46:33] [User Authenticator #23/INFO]: UUID of player ZaosKeysalor is c9f947b0-af80-47c3-a303-5740993c2038
[19:46:34] [Server thread/INFO]: ZaosKeysalor[/152.172.247.197:63202] logged in with entity id 117641 at (3369.3623377123795, 112.0, -1359.7350319609375)
[19:46:34] [Server thread/INFO]: ZaosKeysalor joined the game
[20:17:42] [Server thread/INFO]: ZaosKeysalor has made the advancement [Acquire Hardware]
[20:17:48] [Server thread/INFO]: MissMinuArt has made the advancement [Acquire Hardware]
[20:18:54] [Server thread/INFO]: MissMinuArt has made the advancement [Isn't It Iron Pick]
[20:18:54] [Server thread/INFO]: ZaosKeysalor has made the advancement [Isn't It Iron Pick]
[20:26:50] [Server thread/INFO]: MissMinuArt has made the advancement [Diamonds!]
[20:26:54] [Server thread/INFO]: ZaosKeysalor has made the advancement [Diamonds!]
[20:41:06] [User Authenticator #24/INFO]: UUID of player LeeroyPerkins is 2bdc2115-56e5-455a-ae7a-ec0c69f7e3cb
[20:41:06] [Server thread/INFO]: LeeroyPerkins[/186.78.102.40:58709] logged in with entity id 126910 at (3.5, 100.0, 7.5)
[20:41:06] [Server thread/INFO]: LeeroyPerkins joined the game
[20:42:04] [Server thread/INFO]: LeeroyPerkins lost connection: Disconnected
[20:42:04] [Server thread/INFO]: LeeroyPerkins left the game
[20:42:15] [User Authenticator #25/INFO]: UUID of player LeeroyPerkins is 2bdc2115-56e5-455a-ae7a-ec0c69f7e3cb
[20:42:15] [Server thread/INFO]: LeeroyPerkins[/186.78.102.40:58727] logged in with entity id 127295 at (1.3487370429002472, 100.0, 2.387796154995305)
[20:42:15] [Server thread/INFO]: LeeroyPerkins joined the game
[20:49:42] [Server thread/INFO]: LeeroyPerkins lost connection: Disconnected
[20:49:42] [Server thread/INFO]: LeeroyPerkins left the game
[20:53:07] [User Authenticator #26/INFO]: UUID of player LeeroyPerkins is 2bdc2115-56e5-455a-ae7a-ec0c69f7e3cb
[20:53:07] [Server thread/INFO]: LeeroyPerkins[/186.78.102.40:58799] logged in with entity id 131857 at (793.8744567688179, 71.0, -842.4856726894554)
[20:53:07] [Server thread/INFO]: LeeroyPerkins joined the game
[20:53:16] [Server thread/INFO]: LeeroyPerkins lost connection: Disconnected
[20:53:16] [Server thread/INFO]: LeeroyPerkins left the game
[20:53:48] [User Authenticator #27/INFO]: UUID of player LeeroyPerkins is 2bdc2115-56e5-455a-ae7a-ec0c69f7e3cb
[20:53:49] [Server thread/INFO]: LeeroyPerkins[/186.78.102.40:58812] logged in with entity id 132165 at (788.4030123247796, 71.0, -857.0942750373135)
[20:53:49] [Server thread/INFO]: LeeroyPerkins joined the game
[21:05:27] [Server thread/INFO]: LeeroyPerkins lost connection: Disconnected
[21:05:27] [Server thread/INFO]: LeeroyPerkins left the game
[21:06:24] [Server thread/WARN]: Horse (vehicle of ZaosKeysalor) moved wrongly! 0.4843490420398666
[21:06:24] [Server thread/WARN]: Horse (vehicle of ZaosKeysalor) moved wrongly! 0.5
[21:08:50] [User Authenticator #28/INFO]: UUID of player LeeroyPerkins is 2bdc2115-56e5-455a-ae7a-ec0c69f7e3cb
[21:08:50] [Server thread/INFO]: LeeroyPerkins[/186.78.102.40:58889] logged in with entity id 138992 at (2167.823205724356, 72.0, -1444.3499908732044)
[21:08:50] [Server thread/INFO]: LeeroyPerkins joined the game
[21:17:39] [Server thread/INFO]: LeeroyPerkins lost connection: Disconnected
[21:17:39] [Server thread/INFO]: LeeroyPerkins left the game
[21:18:27] [User Authenticator #29/INFO]: UUID of player LeeroyPerkins is 2bdc2115-56e5-455a-ae7a-ec0c69f7e3cb
[21:18:27] [Server thread/INFO]: LeeroyPerkins[/186.78.102.40:58944] logged in with entity id 143080 at (3238.282376650807, 63.0, -1338.3443379713895)
[21:18:27] [Server thread/INFO]: LeeroyPerkins joined the game
[21:19:38] [Server thread/INFO]: MissMinuArt has made the advancement [A Seedy Place]
[21:24:45] [Server thread/INFO]: ZaosKeysalor has made the advancement [The Parrots and the Bats]
[21:27:57] [Server thread/INFO]: LeeroyPerkins has made the advancement [Stone Age]
[21:28:07] [Server thread/INFO]: LeeroyPerkins has made the advancement [Getting an Upgrade]
[21:28:48] [Server thread/INFO]: LeeroyPerkins has made the advancement [Sweet Dreams]
[21:31:35] [User Authenticator #30/INFO]: UUID of player Sleeping_and is 5d9be168-fd25-4c47-b6c0-84c85f10f386
[21:31:35] [Server thread/INFO]: Sleeping_and[/179.56.60.197:50833] logged in with entity id 145955 at (3399.023265184042, 86.0, -1271.9998076787)
[21:31:35] [Server thread/INFO]: Sleeping_and joined the game
[21:40:25] [Server thread/INFO]: LeeroyPerkins has made the advancement [Monster Hunter]
[21:43:38] [Server thread/INFO]: ZaosKeysalor has made the advancement [A Seedy Place]
[21:54:13] [Server thread/INFO]: Sleeping_and lost connection: Disconnected
[21:54:13] [Server thread/INFO]: Sleeping_and left the game
[21:54:39] [User Authenticator #31/INFO]: UUID of player Sleeping_and is 5d9be168-fd25-4c47-b6c0-84c85f10f386
[21:54:39] [Server thread/INFO]: Sleeping_and[/179.56.60.197:50932] logged in with entity id 152221 at (3399.5977623493704, 86.0, -1272.5542844913366)
[21:54:39] [Server thread/INFO]: Sleeping_and joined the game
[21:59:58] [Server thread/INFO]: <MissMinuArt> SI
[22:00:02] [Server thread/INFO]: <Sleeping_and> MissMinuArt ese es
[22:02:54] [Server thread/INFO]: Unknown item 'minecraft:'
[22:02:54] [Server thread/INFO]: ...ssMinuArt Cat Disc 1<--[HERE]
[22:03:03] [Server thread/INFO]: Unknown item 'minecraft:'
[22:03:03] [Server thread/INFO]: ...ssMinuArt CatDisc 1<--[HERE]
[22:03:28] [Server thread/INFO]: Unknown item 'minecraft:record_cat'
[22:03:28] [Server thread/INFO]: ...ssMinuArt minecraft:record_cat 1<--[HERE]
[22:06:14] [Server thread/INFO]: Unknown item 'minecraft:record_chirp'
[22:06:14] [Server thread/INFO]: ...ssMinuArt minecraft:record_chirp <--[HERE]
[22:06:19] [Server thread/INFO]: Unknown item 'minecraft:record_chirp'
[22:06:19] [Server thread/INFO]: ...ssMinuArt minecraft:record_chirp 1<--[HERE]
[22:06:26] [Server thread/INFO]: Unknown item 'minecraft:record_cat'
[22:06:26] [Server thread/INFO]: ...ssMinuArt minecraft:record_cat 1<--[HERE]
[22:07:17] [Server thread/INFO]: LeeroyPerkins has made the advancement [A Seedy Place]
[22:07:35] [Server thread/INFO]: Unknown item 'minecraft:'
[22:07:35] [Server thread/INFO]: ...ssMinuArt Chirp Disc 1<--[HERE]
[22:07:39] [Server thread/INFO]: Unknown item 'minecraft:'
[22:07:39] [Server thread/INFO]: ...ssMinuArt ChirpDisc 1<--[HERE]
[22:08:17] [Server thread/WARN]: Mismatch in destroy block pos: hx{x=3414, y=85, z=-1282} hx{x=3414, y=83, z=-1281}
[22:10:04] [User Authenticator #32/INFO]: UUID of player Irasoma is a2617195-1554-4a1e-a999-c3875761266e
[22:10:04] [Server thread/INFO]: Irasoma[/192.168.1.1:54192] logged in with entity id 157624 at (3411.09765570824, 63.0, -1244.4339775836277)
[22:10:04] [Server thread/INFO]: Irasoma joined the game
[22:10:19] [Server thread/INFO]: [Irasoma: Set own game mode to Creative Mode]
[22:11:51] [Server thread/INFO]: [Irasoma: Set own game mode to Survival Mode]
[22:13:29] [Server thread/INFO]: [Irasoma: Set own game mode to Creative Mode]
[22:13:44] [Server thread/INFO]: [Irasoma: Set own game mode to Survival Mode]
[22:14:25] [Server thread/INFO]: [Irasoma: Set own game mode to Creative Mode]
[22:16:19] [Server thread/INFO]: LeeroyPerkins has made the advancement [Acquire Hardware]
[22:19:01] [Server thread/INFO]: Irasoma lost connection: Disconnected
[22:19:01] [Server thread/INFO]: Irasoma left the game
[22:19:30] [User Authenticator #33/INFO]: UUID of player Irasoma is a2617195-1554-4a1e-a999-c3875761266e
[22:19:31] [Server thread/INFO]: Irasoma[/192.168.1.1:54267] logged in with entity id 160159 at (3375.342563250186, 113.0, -1351.6501566137747)
[22:19:31] [Server thread/INFO]: Irasoma joined the game
[22:30:43] [Server thread/INFO]: Irasoma lost connection: Disconnected
[22:30:43] [Server thread/INFO]: Irasoma left the game
[22:31:15] [Server thread/INFO]: <Sleeping_and> Sleeping_and "se muere"
[22:31:28] [Server thread/INFO]: <Sleeping_and> se muere
[22:32:02] [User Authenticator #34/INFO]: UUID of player Irasoma is a2617195-1554-4a1e-a999-c3875761266e
[22:32:02] [Server thread/INFO]: Irasoma[/192.168.1.1:54445] logged in with entity id 165075 at (3424.6997787200744, 48.0, -1239.5493834141748)
[22:32:02] [Server thread/INFO]: Irasoma joined the game
[22:32:44] [Server thread/INFO]: You whisper to MissMinuArt: alooo
[22:32:44] [Server thread/INFO]: You whisper to ZaosKeysalor: alooo
[22:32:44] [Server thread/INFO]: You whisper to LeeroyPerkins: alooo
[22:32:44] [Server thread/INFO]: You whisper to Sleeping_and: alooo
[22:32:44] [Server thread/INFO]: You whisper to Irasoma: alooo
[22:32:57] [Server thread/INFO]: Sleeping_and fell from a high place
[22:41:07] [Server thread/INFO]: Unknown or incomplete command, see below for error
[22:41:07] [Server thread/INFO]:  /msg Hola a todos!<--[HERE]
[22:41:14] [Server thread/INFO]: No player was found
[22:41:28] [Server thread/INFO]: Expected whitespace to end one argument, but found trailing data
[22:41:28] [Server thread/INFO]: msg Aquí Víctor xD<--[HERE]
[22:42:01] [Server thread/INFO]: [Not Secure] [Server] Holaa!
[22:42:09] [Server thread/INFO]: [Not Secure] [Server] Aquí Víctor, qué tal?
[22:42:09] [Server thread/INFO]: <ZaosKeysalor> dios?
[22:42:17] [Server thread/INFO]: [Not Secure] [Server] asdfasdfasdfsa
[22:42:30] [Server thread/INFO]: <Sleeping_and> el diablo
[22:42:34] [Server thread/INFO]: [Not Secure] [Server] ayayai
[22:42:35] [Server thread/INFO]: You whisper to MissMinuArt: Aaaaah un victor
[22:42:35] [Server thread/INFO]: You whisper to ZaosKeysalor: Aaaaah un victor
[22:42:35] [Server thread/INFO]: You whisper to LeeroyPerkins: Aaaaah un victor
[22:42:35] [Server thread/INFO]: You whisper to Irasoma: Aaaaah un victor
[22:42:35] [Server thread/INFO]: You whisper to Sleeping_and: Aaaaah un victor
[22:42:55] [Server thread/INFO]: [Not Secure] [Server] xDDDD
[22:43:50] [Server thread/INFO]: [Not Secure] [Server] AAAAAH ya cache xd, y yo usando el susurro como una degenerada
[22:44:01] [Server thread/INFO]: Irasoma lost connection: Disconnected
[22:44:01] [Server thread/INFO]: Irasoma left the game
[22:44:07] [Server thread/INFO]: [Not Secure] [Server] wena
[22:44:23] [Server thread/INFO]: [Not Secure] [Server] mi plan es hacer algunos experimentos con comandos de edicion de mundo 
[22:44:40] [User Authenticator #35/INFO]: UUID of player Irasoma is a2617195-1554-4a1e-a999-c3875761266e
[22:44:40] [Server thread/INFO]: Irasoma[/192.168.1.1:54536] logged in with entity id 168679 at (3424.6997787200744, 48.0, -1239.5493834141748)
[22:44:40] [Server thread/INFO]: Irasoma joined the game
[22:44:44] [Server thread/INFO]: [Not Secure] [Server] naisu desu!
[22:54:15] [Server thread/INFO]: [Irasoma: Successfully filled 25048 block(s)]
[22:55:12] [Server thread/INFO]: Irasoma lost connection: Disconnected
[22:55:12] [Server thread/INFO]: Irasoma left the game
[22:55:17] [Server thread/INFO]: <Sleeping_and> tuto
[22:55:25] [Server thread/INFO]: LeeroyPerkins lost connection: Disconnected
[22:55:25] [Server thread/INFO]: LeeroyPerkins left the game
[22:55:31] [User Authenticator #36/INFO]: UUID of player Irasoma is a2617195-1554-4a1e-a999-c3875761266e
[22:55:31] [Server thread/INFO]: Irasoma[/192.168.1.1:54633] logged in with entity id 171826 at (3420.4874510596046, 64.0, -1215.457460879872)
[22:55:31] [Server thread/INFO]: Irasoma joined the game
[22:55:38] [User Authenticator #37/INFO]: UUID of player LeeroyPerkins is 2bdc2115-56e5-455a-ae7a-ec0c69f7e3cb
[22:55:38] [Server thread/INFO]: LeeroyPerkins[/186.78.102.40:59900] logged in with entity id 171911 at (3355.473191646637, 93.0, -1418.696220509949)
[22:55:38] [Server thread/INFO]: LeeroyPerkins joined the game
[22:56:13] [Server thread/INFO]: [Irasoma: Successfully filled 25228 block(s)]
[22:57:01] [Server thread/INFO]: [Irasoma: Successfully filled 25228 block(s)]
[22:58:45] [Server thread/INFO]: [Irasoma: Applied effect Night Vision to Irasoma]
[23:01:04] [Server thread/INFO]: [Irasoma: Successfully filled 18420 block(s)]
[23:06:01] [Server thread/INFO]: Irasoma has made the advancement [Monster Hunter]
[23:07:07] [Server thread/INFO]: Irasoma lost connection: Disconnected
[23:07:07] [Server thread/INFO]: Irasoma left the game
[23:09:19] [User Authenticator #38/INFO]: UUID of player Irasoma is a2617195-1554-4a1e-a999-c3875761266e
[23:09:19] [Server thread/INFO]: Irasoma[/192.168.1.1:54759] logged in with entity id 175868 at (3396.300000011921, 47.07499820401791, -1238.0733960351668)
[23:09:19] [Server thread/INFO]: Irasoma joined the game
[23:10:27] [Server thread/INFO]: [Irasoma: Successfully filled 32436 block(s)]
[23:11:15] [Server thread/INFO]: [Irasoma: Successfully filled 32428 block(s)]
[23:12:52] [Server thread/INFO]: Locating element minecraft:ancient_city took 0 ms
[23:13:57] [Server thread/INFO]: [Irasoma: Teleported Irasoma to 2512.500000, 14.979343, -1023.500000]
[23:13:57] [Server thread/WARN]: Irasoma moved too quickly! -900.6029033610016,0.0,203.71904511722073
[23:13:57] [Server thread/WARN]: Irasoma moved too quickly! -900.6029033610016,0.0,203.71904511722073
[23:13:57] [Server thread/WARN]: Irasoma moved too quickly! -900.6029033610016,0.0,203.71904511722073
[23:13:57] [Server thread/WARN]: Irasoma moved too quickly! -900.6029033610016,0.0,203.71904511722073
[23:14:00] [Server thread/WARN]: Sleeping_and moved too quickly! -4.430296558701684,9.257418076486221,-0.8878621870176175
[23:14:00] [Server thread/WARN]: Can't keep up! Is the server overloaded? Running 2792ms or 55 ticks behind
[23:15:20] [Server thread/INFO]: [Irasoma: Teleported Sleeping_and to Irasoma]
[23:15:20] [Server thread/WARN]: Sleeping_and moved too quickly! -904.8270114125562,-122.0,201.70558740298384
[23:15:47] [Server thread/INFO]: [Irasoma: Teleported MissMinuArt to Irasoma]
[23:16:12] [Server thread/INFO]: [Irasoma: Teleported MissMinuArt to ZaosKeysalor]
[23:17:08] [Server thread/INFO]: [Irasoma: Teleported MissMinuArt to Irasoma]
[23:17:50] [Server thread/INFO]: Sleeping_and has made the advancement [Sneak 100]
[23:18:51] [Server thread/INFO]: Irasoma has made the advancement [Sneak 100]
[23:19:28] [Server thread/INFO]: LeeroyPerkins lost connection: Disconnected
[23:19:28] [Server thread/INFO]: LeeroyPerkins left the game
[23:19:29] [Server thread/INFO]: [Irasoma: Applied effect Night Vision to MissMinuArt]
[23:28:18] [Server thread/INFO]: MissMinuArt was obliterated by a sonically-charged shriek
[23:28:43] [User Authenticator #39/INFO]: UUID of player LeeroyPerkins is 2bdc2115-56e5-455a-ae7a-ec0c69f7e3cb
[23:28:43] [Server thread/INFO]: LeeroyPerkins[/186.78.102.40:60268] logged in with entity id 182807 at (3311.347088588184, 84.0, -1159.765148375464)
[23:28:43] [Server thread/INFO]: LeeroyPerkins joined the game
[23:30:02] [Server thread/INFO]: [Irasoma: Teleported MissMinuArt to Irasoma]
[23:31:23] [Server thread/INFO]: MissMinuArt has made the advancement [Sneak 100]
[23:31:36] [Server thread/INFO]: [Irasoma: Applied effect Night Vision to MissMinuArt]
[23:39:06] [Server thread/INFO]: LeeroyPerkins lost connection: Disconnected
[23:39:06] [Server thread/INFO]: LeeroyPerkins left the game
[23:39:48] [Server thread/INFO]: [Irasoma: Teleported MissMinuArt to Irasoma]
[23:40:23] [Server thread/INFO]: MissMinuArt has made the advancement [Suit Up]
[23:41:29] [Server thread/INFO]: ZaosKeysalor has made the advancement [Not Today, Thank You]
[23:44:03] [Server thread/INFO]: [Irasoma: Teleported MissMinuArt to ZaosKeysalor]
[23:44:28] [User Authenticator #40/INFO]: UUID of player rrariate is ef2493fd-6557-4ce5-b466-08c79131629e
[23:44:28] [Server thread/INFO]: rrariate[/181.226.63.253:60578] logged in with entity id 192601 at (-8.5, 73.0, -0.5)
[23:44:28] [Server thread/INFO]: rrariate joined the game
[23:45:59] [Server thread/INFO]: rrariate has made the advancement [Stone Age]
[23:46:52] [Server thread/INFO]: rrariate has made the advancement [Getting an Upgrade]
[23:47:08] [Server thread/INFO]: [Irasoma: Teleported MissMinuArt to Irasoma]
[23:48:43] [Server thread/INFO]: [Irasoma: Teleported Sleeping_and to ZaosKeysalor]
[23:49:15] [Server thread/INFO]: [Irasoma: Teleported Irasoma to Sleeping_and]
[23:49:15] [Server thread/WARN]: Irasoma moved too quickly! 870.271676211295,110.76636799395752,-264.33465179058
[23:49:15] [Server thread/WARN]: Irasoma moved too quickly! 870.271676211295,110.76636799395752,-264.33465179058
[23:49:15] [Server thread/WARN]: Irasoma moved too quickly! 870.271676211295,110.76636799395752,-264.33465179058
[23:51:09] [Server thread/INFO]: Irasoma lost connection: Disconnected
[23:51:09] [Server thread/INFO]: Irasoma left the game
[23:51:39] [Server thread/INFO]: Teleported MissMinuArt to ZaosKeysalor
[23:54:21] [Server thread/INFO]: rrariate has made the advancement [Ice Bucket Challenge]
[23:54:59] [Server thread/INFO]: rrariate has made the advancement [Monster Hunter]
