[09:48:06] [ServerMain/INFO]: Environment: Environment[sessionHost=https://sessionserver.mojang.com, servicesHost=https://api.minecraftservices.com, name=PROD]
[09:48:08] [ServerMain/INFO]: Loaded 7 recipes
[09:48:08] [ServerMain/INFO]: Loaded 1271 advancements
[09:48:09] [Server thread/INFO]: Starting minecraft server version 1.20.4
[09:48:09] [Server thread/INFO]: Loading properties
[09:48:09] [Server thread/INFO]: Default game type: SURVIVAL
[09:48:09] [Server thread/INFO]: Generating keypair
[09:48:09] [Server thread/INFO]: Starting Minecraft server on 0.0.0.0:27000
[09:48:09] [Server thread/INFO]: Using epoll channel type
[09:48:09] [Server thread/INFO]: Preparing level "world"
[09:48:10] [Server thread/INFO]: Preparing start region for dimension minecraft:overworld
[09:48:13] [Worker-Main-17/INFO]: Preparing spawn area: 0%
[09:48:13] [Worker-Main-2/INFO]: Preparing spawn area: 0%
[09:48:13] [Worker-Main-6/INFO]: Preparing spawn area: 0%
[09:48:13] [Worker-Main-20/INFO]: Preparing spawn area: 0%
[09:48:13] [Worker-Main-4/INFO]: Preparing spawn area: 0%
[09:48:13] [Worker-Main-2/INFO]: Preparing spawn area: 0%
[09:48:13] [Worker-Main-17/INFO]: Preparing spawn area: 0%
[09:48:14] [Worker-Main-17/INFO]: Preparing spawn area: 0%
[09:48:14] [Worker-Main-17/INFO]: Preparing spawn area: 0%
[09:48:15] [Worker-Main-12/INFO]: Preparing spawn area: 13%
[09:48:15] [Worker-Main-22/INFO]: Preparing spawn area: 54%
[09:48:16] [Worker-Main-6/INFO]: Preparing spawn area: 93%
[09:48:16] [Server thread/INFO]: Time elapsed: 5573 ms
[09:48:16] [Server thread/INFO]: Done (6.469s)! For help, type "help"
[09:54:52] [User Authenticator #1/INFO]: UUID of player MissMinuArt is dca46a5d-5d60-487e-9bf7-e9d7eb1239dc
[09:54:52] [Server thread/INFO]: MissMinuArt[/152.172.121.123:49507] logged in with entity id 99 at (3343.631115433671, 112.0, -1386.736604182754)
[09:54:52] [Server thread/INFO]: MissMinuArt joined the game
[09:58:17] [Server thread/INFO]: MissMinuArt lost connection: Disconnected
[09:58:17] [Server thread/INFO]: MissMinuArt left the game
[09:59:07] [User Authenticator #2/INFO]: UUID of player MissMinuArt is dca46a5d-5d60-487e-9bf7-e9d7eb1239dc
[09:59:07] [Server thread/INFO]: MissMinuArt[/152.172.121.123:49568] logged in with entity id 621 at (3346.13814740693, 112.0, -1377.549723802447)
[09:59:07] [Server thread/INFO]: MissMinuArt joined the game
[10:34:02] [User Authenticator #3/INFO]: UUID of player ZaosKeysalor is c9f947b0-af80-47c3-a303-5740993c2038
[10:34:02] [Server thread/INFO]: ZaosKeysalor[/152.172.121.123:53795] logged in with entity id 5785 at (3361.512499988079, 105.0, -1350.3030765204103)
[10:34:02] [Server thread/INFO]: ZaosKeysalor joined the game
[10:45:40] [Server thread/INFO]: ZaosKeysalor has made the advancement [Tactical Fishing]
[11:07:02] [Server thread/INFO]: ZaosKeysalor lost connection: Disconnected
[11:07:02] [Server thread/INFO]: ZaosKeysalor left the game
[11:09:42] [Server thread/INFO]: MissMinuArt lost connection: Disconnected
[11:09:42] [Server thread/INFO]: MissMinuArt left the game
[11:25:23] [User Authenticator #4/INFO]: UUID of player ZaosKeysalor is c9f947b0-af80-47c3-a303-5740993c2038
[11:25:23] [Server thread/INFO]: ZaosKeysalor[/152.172.121.123:54168] logged in with entity id 13136 at (3360.132177209525, 112.0, -1351.2413117852452)
[11:25:23] [Server thread/INFO]: ZaosKeysalor joined the game
[11:35:59] [User Authenticator #5/INFO]: UUID of player MissMinuArt is dca46a5d-5d60-487e-9bf7-e9d7eb1239dc
[11:35:59] [Server thread/INFO]: MissMinuArt[/152.172.121.123:51030] logged in with entity id 14880 at (3370.5, 116.0, -1358.5)
[11:35:59] [Server thread/INFO]: MissMinuArt joined the game
[11:48:59] [User Authenticator #6/INFO]: UUID of player Irasoma is a2617195-1554-4a1e-a999-c3875761266e
[11:48:59] [Server thread/INFO]: Irasoma[/192.168.1.1:55667] logged in with entity id 17250 at (3351.597130110179, -36.245789015630855, -1475.0276067735258)
[11:48:59] [Server thread/INFO]: Irasoma joined the game
[11:51:12] [Server thread/INFO]: Irasoma lost connection: Disconnected
[11:51:12] [Server thread/INFO]: Irasoma left the game
[11:51:15] [Server thread/INFO]: ZaosKeysalor lost connection: Disconnected
[11:51:15] [Server thread/INFO]: ZaosKeysalor left the game
[11:51:22] [User Authenticator #7/INFO]: UUID of player ZaosKeysalor is c9f947b0-af80-47c3-a303-5740993c2038
[11:51:22] [Server thread/INFO]: ZaosKeysalor[/152.172.121.123:54340] logged in with entity id 18193 at (3332.3150740926853, 112.0, -1342.5563629107944)
[11:51:22] [Server thread/INFO]: ZaosKeysalor joined the game
[11:51:25] [User Authenticator #8/INFO]: UUID of player Irasoma is a2617195-1554-4a1e-a999-c3875761266e
[11:51:25] [Server thread/INFO]: Irasoma[/192.168.1.1:55700] logged in with entity id 18219 at (3365.686872046644, -24.0, -1186.4771122324903)
[11:51:25] [Server thread/INFO]: Irasoma joined the game
[11:55:23] [Server thread/INFO]: [Irasoma: Successfully filled 2338 block(s)]
[11:55:48] [Server thread/INFO]: [Irasoma: Successfully filled 1047 block(s)]
[11:56:36] [Server thread/INFO]: [Irasoma: Successfully filled 922 block(s)]
[11:56:46] [Server thread/INFO]: [Irasoma: Successfully filled 970 block(s)]
[11:56:58] [Server thread/INFO]: [Irasoma: Successfully filled 1169 block(s)]
[11:57:11] [Server thread/INFO]: [Irasoma: Successfully filled 2399 block(s)]
[11:57:34] [Server thread/INFO]: [Irasoma: Successfully filled 1636 block(s)]
[11:58:17] [Server thread/INFO]: <ZaosKeysalor> donde puedo pillar slimes?
[11:58:28] [Server thread/INFO]: <Irasoma> en las llanuras
[11:58:42] [Server thread/INFO]: <Irasoma> miento miento
[11:58:43] [Server thread/INFO]: <ZaosKeysalor> de noche?
[11:58:46] [Server thread/INFO]: <Irasoma> en los pantanos
[11:58:54] [Server thread/INFO]: <Irasoma> no de manglare, pantanos normales
[11:59:02] [Server thread/INFO]: <ZaosKeysalor> dodne fue el chino?
[11:59:13] [Server thread/INFO]: <Irasoma> creo
[11:59:28] [Server thread/INFO]: <ZaosKeysalor> me puedes tepear para alla? vuelvo solo
[11:59:40] [Server thread/INFO]: Locating element minecraft:swamp took 257 ms
[12:00:01] [Server thread/INFO]: [Irasoma: Teleported Irasoma to 4061.500000, 60.000000, -781.500000]
[12:00:01] [Server thread/WARN]: Irasoma moved too quickly! 671.5522613575235,108.28499692946245,447.6164993030577
[12:00:01] [Server thread/WARN]: Irasoma moved too quickly! 671.5522613575235,108.28499692946245,447.6164993030577
[12:00:01] [Server thread/WARN]: Irasoma moved too quickly! 671.5522613575235,108.28499692946245,447.6164993030577
[12:00:01] [Server thread/WARN]: Irasoma moved too quickly! 671.5522613575235,108.28499692946245,447.6164993030577
[12:00:26] [Server thread/INFO]: <Irasoma> perate que ta muy chico el pantano
[12:00:43] [Server thread/INFO]: <ZaosKeysalor> pero saldran igual?
[12:00:53] [Server thread/INFO]: <ZaosKeysalor> necesito unas bolas de slime nomas
[12:01:03] [Server thread/INFO]: <ZaosKeysalor> creo que no tantas
[12:02:14] [Server thread/INFO]: [Irasoma: 1 biome entry/entries set between 4096, 60, -800 and 4096, 60, -800]
[12:03:25] [Server thread/INFO]: [Irasoma: 52 biome entry/entries set between 4096, 60, -900 and 4100, 60, -800]
[12:04:05] [Server thread/INFO]: [Irasoma: Teleported ZaosKeysalor to Irasoma]
[12:04:13] [Server thread/INFO]: <ZaosKeysalor> gracias
[12:04:14] [Server thread/INFO]: <Irasoma> es pequeñisimo
[12:04:17] [Server thread/INFO]: <Irasoma> asdasdasd
[12:04:32] [Server thread/INFO]: <ZaosKeysalor> mientras salga uno sirve
[12:04:34] [Server thread/INFO]: <ZaosKeysalor> xd
[12:05:48] [Server thread/INFO]: <Irasoma> nose las condiciones para que3 salga uno
[12:05:54] [Server thread/INFO]: <ZaosKeysalor> chale
[12:05:58] [Server thread/INFO]: [Irasoma: Set the weather to clear]
[12:06:46] [Server thread/INFO]: <ZaosKeysalor> segun mi mapa no hay ninguno cerca
[12:06:50] [Server thread/INFO]: <ZaosKeysalor> xd
[12:07:00] [Server thread/INFO]: <Irasoma> tamadre
[12:07:11] [Server thread/INFO]: <Irasoma> deja buscar las condiciones de spawneo
[12:08:47] [Server thread/INFO]: <Irasoma> segun esto, si aparecen en pantanos, con lune llena
[12:09:07] [Server thread/INFO]: <ZaosKeysalor> la wea especifica xd
[12:09:38] [Server thread/INFO]: <Irasoma> y tiene que haber luz inferior a 7
[12:09:53] [Server thread/INFO]: <ZaosKeysalor> osea?
[12:09:56] [Server thread/INFO]: <Irasoma> 0 probabilidad de apareicion en luna nueva
[12:10:00] [Server thread/INFO]: <ZaosKeysalor> xd
[12:10:06] [Server thread/INFO]: <ZaosKeysalor> la wea contradictoria
[12:10:13] [Server thread/INFO]: <Irasoma> nopo
[12:10:25] [Server thread/INFO]: <Irasoma> luna nueva, no hay luna, no aparecen
[12:10:32] [Server thread/INFO]: <Irasoma> luna llena, mas luz
[12:10:41] [Server thread/INFO]: <Irasoma> ah no sipo
[12:10:48] [Server thread/INFO]: <Irasoma> los wnes esquisitos pa aparecer
[12:10:56] [Server thread/INFO]: <Irasoma> ya no, mucho weeo
[12:12:39] [Server thread/INFO]: <ZaosKeysalor> xd
[12:12:41] [Server thread/INFO]: <ZaosKeysalor> gracias
[12:12:47] [Server thread/INFO]: <Irasoma> mucho weeo pa que aparezcan
[12:12:58] [Server thread/INFO]: [Irasoma: Teleported Irasoma to MissMinuArt]
[12:12:58] [Server thread/WARN]: Irasoma moved too quickly! -702.0550613060759,26.0,-657.5704597467
[12:12:58] [Server thread/WARN]: Irasoma moved too quickly! -702.0550613060759,26.0,-657.5704597467
[12:12:58] [Server thread/WARN]: Irasoma moved too quickly! -702.0550613060759,26.0,-657.5704597467
[12:12:58] [Server thread/WARN]: Irasoma moved too quickly! -702.0550613060759,26.0,-657.5704597467
[12:13:06] [Server thread/INFO]: [Irasoma: Teleported MissMinuArt to ZaosKeysalor]
[12:13:17] [Server thread/INFO]: <MissMinuArt> holi!!
[12:13:27] [Server thread/INFO]: <ZaosKeysalor> hola xd
[12:15:02] [Server thread/INFO]: <ZaosKeysalor> bye amor!!
[12:19:01] [Server thread/INFO]: [Irasoma: Teleported MissMinuArt to Irasoma]
[12:25:42] [Server thread/INFO]: Irasoma lost connection: Disconnected
[12:25:42] [Server thread/INFO]: Irasoma left the game
[12:26:31] [User Authenticator #9/INFO]: UUID of player Irasoma is a2617195-1554-4a1e-a999-c3875761266e
[12:26:31] [Server thread/INFO]: Irasoma[/192.168.1.1:56050] logged in with entity id 33162 at (3327.235140397687, 122.0, -1361.6389132857457)
[12:26:31] [Server thread/INFO]: Irasoma joined the game
[12:27:57] [Server thread/INFO]: [Irasoma: Teleported Irasoma to MissMinuArt]
[12:27:57] [Server thread/WARN]: Irasoma moved too quickly! 113.42841856741416,-3.464549879485517,-345.01859135827976
[12:27:57] [Server thread/WARN]: Irasoma moved too quickly! 113.42841856741416,-3.464549879485517,-345.01859135827976
[12:27:57] [Server thread/WARN]: Irasoma moved too quickly! 113.42841856741416,-3.464549879485517,-345.01859135827976
[12:27:57] [Server thread/WARN]: Irasoma moved too quickly! 113.42841856741416,-3.464549879485517,-345.01859135827976
[12:27:57] [Server thread/WARN]: Irasoma moved too quickly! 113.42841856741416,-3.464549879485517,-345.01859135827976
[12:30:08] [Server thread/INFO]: [Irasoma: Generated structure "minecraft:mansion" at 3500, 71, -962]
[12:30:40] [Server thread/INFO]: [Irasoma: Teleported Irasoma to MissMinuArt]
[12:30:40] [Server thread/WARN]: Irasoma moved too quickly! -178.7685554841014,16.0,-404.45797644882225
[12:30:40] [Server thread/WARN]: Irasoma moved too quickly! -178.7685554841014,16.0,-404.45797644882225
[12:30:40] [Server thread/WARN]: Irasoma moved too quickly! -178.7685554841014,16.0,-404.45797644882225
[12:30:40] [Server thread/WARN]: Irasoma moved too quickly! -178.7685554841014,16.0,-404.45797644882225
[12:31:40] [Server thread/INFO]: <Irasoma> escondi una estructura cerca de aqui, aunque esconder es una palabra MUY grande para "missplacié" una estructura
[12:36:48] [Server thread/INFO]: <Irasoma> redesafinao tu tambor
[12:36:52] [Server thread/INFO]: <Irasoma> ajajajaja
[12:36:55] [Server thread/INFO]: <ZaosKeysalor> si xd
[12:40:32] [Server thread/INFO]: Irasoma lost connection: Disconnected
[12:40:32] [Server thread/INFO]: Irasoma left the game
[12:43:57] [User Authenticator #10/INFO]: UUID of player Irasoma is a2617195-1554-4a1e-a999-c3875761266e
[12:43:58] [Server thread/INFO]: Irasoma[/192.168.1.1:56209] logged in with entity id 40523 at (3366.4404794242073, 120.0, -1373.0968615064091)
[12:43:58] [Server thread/INFO]: Irasoma joined the game
[12:49:11] [Server thread/INFO]: [Irasoma: Successfully filled 2825 block(s)]
[12:49:23] [Server thread/INFO]: [Irasoma: Successfully filled 22801 block(s)]
[12:49:37] [Server thread/INFO]: [Irasoma: Successfully filled 445 block(s)]
[12:49:53] [Server thread/INFO]: [Irasoma: Successfully filled 880 block(s)]
[12:50:33] [Server thread/INFO]: [Irasoma: Successfully filled 440 block(s)]
[12:50:57] [Server thread/INFO]: [Irasoma: Successfully filled 23200 block(s)]
[12:51:00] [Server thread/INFO]: [Irasoma: Successfully filled 10 block(s)]
[12:51:14] [Server thread/INFO]: [Irasoma: Successfully filled 27840 block(s)]
[12:51:29] [Server thread/INFO]: [Irasoma: Successfully filled 30160 block(s)]
[12:51:58] [Server thread/INFO]: [Irasoma: Successfully filled 23200 block(s)]
[12:52:10] [Server thread/INFO]: [Irasoma: Successfully filled 55 block(s)]
[12:52:34] [Server thread/INFO]: [Irasoma: Successfully filled 23200 block(s)]
[12:53:22] [Server thread/INFO]: [Irasoma: Successfully filled 23200 block(s)]
[12:53:35] [Server thread/INFO]: [Irasoma: Successfully filled 23200 block(s)]
[12:53:44] [Server thread/INFO]: [Irasoma: Successfully filled 23200 block(s)]
[12:53:55] [Server thread/INFO]: [Irasoma: Successfully filled 23200 block(s)]
[12:54:10] [Server thread/INFO]: [Irasoma: Successfully filled 23200 block(s)]
[12:54:12] [Server thread/INFO]: [Irasoma: Successfully filled 11 block(s)]
[12:54:23] [Server thread/INFO]: [Irasoma: Successfully filled 23200 block(s)]
[12:54:32] [Server thread/INFO]: [Irasoma: Successfully filled 23200 block(s)]
[12:54:45] [Server thread/INFO]: [Irasoma: Successfully filled 23200 block(s)]
[12:54:58] [Server thread/INFO]: [Irasoma: Successfully filled 23200 block(s)]
[12:55:07] [Server thread/INFO]: ZaosKeysalor lost connection: Disconnected
[12:55:07] [Server thread/INFO]: ZaosKeysalor left the game
[12:55:13] [Server thread/INFO]: [Irasoma: Successfully filled 23200 block(s)]
[12:55:26] [Server thread/INFO]: [Irasoma: Successfully filled 23200 block(s)]
[12:55:28] [Server thread/INFO]: Irasoma lost connection: Disconnected
[12:55:28] [Server thread/INFO]: Irasoma left the game
[12:55:29] [User Authenticator #11/INFO]: UUID of player ZaosKeysalor is c9f947b0-af80-47c3-a303-5740993c2038
[12:55:29] [Server thread/INFO]: ZaosKeysalor[/152.172.121.123:54721] logged in with entity id 44283 at (3340.7627792595067, 95.0, -1285.8746780202287)
[12:55:29] [Server thread/INFO]: ZaosKeysalor joined the game
[12:55:33] [User Authenticator #12/INFO]: UUID of player Irasoma is a2617195-1554-4a1e-a999-c3875761266e
[12:55:33] [Server thread/INFO]: Irasoma[/192.168.1.1:56315] logged in with entity id 44382 at (3546.8845629048633, -32.192259313331064, -1217.2512139565797)
[12:55:33] [Server thread/INFO]: Irasoma joined the game
[12:56:00] [Server thread/INFO]: [Irasoma: Successfully filled 23200 block(s)]
[12:56:10] [Server thread/INFO]: [Irasoma: Successfully filled 23200 block(s)]
[12:56:22] [Server thread/INFO]: [Irasoma: Successfully filled 23200 block(s)]
[12:57:48] [Server thread/INFO]: [Irasoma: Successfully filled 23033 block(s)]
[12:57:57] [Server thread/INFO]: [Irasoma: Successfully filled 23103 block(s)]
[12:58:10] [Server thread/INFO]: [Irasoma: Successfully filled 23200 block(s)]
[12:58:19] [Server thread/INFO]: [Irasoma: Successfully filled 23200 block(s)]
[12:58:34] [Server thread/INFO]: [Irasoma: Successfully filled 23200 block(s)]
[12:58:39] [Server thread/INFO]: [Irasoma: Successfully filled 18 block(s)]
[12:58:50] [Server thread/INFO]: [Irasoma: Successfully filled 23200 block(s)]
[12:58:54] [Server thread/INFO]: [Irasoma: Successfully filled 34 block(s)]
[12:59:06] [Server thread/INFO]: [Irasoma: Successfully filled 23200 block(s)]
[12:59:56] [Server thread/INFO]: [Irasoma: Successfully filled 23200 block(s)]
[13:00:05] [Server thread/INFO]: [Irasoma: Successfully filled 23200 block(s)]
[13:00:17] [Server thread/INFO]: [Irasoma: Successfully filled 23200 block(s)]
[13:00:21] [Server thread/INFO]: [Irasoma: Successfully filled 59 block(s)]
[13:00:30] [Server thread/INFO]: [Irasoma: Successfully filled 23200 block(s)]
[13:00:43] [Server thread/INFO]: [Irasoma: Successfully filled 23200 block(s)]
[13:00:55] [Server thread/INFO]: [Irasoma: Successfully filled 23200 block(s)]
[13:01:10] [Server thread/INFO]: [Irasoma: Successfully filled 23202 block(s)]
[13:01:13] [Server thread/INFO]: [Irasoma: Successfully filled 119 block(s)]
[13:01:21] [Server thread/INFO]: [Irasoma: Successfully filled 23200 block(s)]
[13:01:24] [Server thread/INFO]: [Irasoma: Successfully filled 19 block(s)]
[13:02:17] [Server thread/INFO]: [Irasoma: Successfully filled 23200 block(s)]
[13:02:21] [Server thread/INFO]: [Irasoma: Successfully filled 22 block(s)]
[13:02:33] [Server thread/INFO]: [Irasoma: Successfully filled 23199 block(s)]
[13:02:39] [Server thread/INFO]: [Irasoma: Successfully filled 16 block(s)]
[13:06:14] [Server thread/INFO]: <ZaosKeysalor> hola xd
[13:06:21] [Server thread/INFO]: <ZaosKeysalor> estaba farmeando experiencia
[13:06:26] [Server thread/INFO]: <Irasoma> ah ta bien
[13:06:29] [Server thread/INFO]: ZaosKeysalor lost connection: Disconnected
[13:06:29] [Server thread/INFO]: ZaosKeysalor left the game
[13:07:04] [User Authenticator #13/INFO]: UUID of player ZaosKeysalor is c9f947b0-af80-47c3-a303-5740993c2038
[13:07:04] [Server thread/INFO]: ZaosKeysalor[/152.172.121.123:54784] logged in with entity id 49656 at (3400.7401753331137, -63.0, -1218.8916845401777)
[13:07:04] [Server thread/INFO]: ZaosKeysalor joined the game
[13:11:12] [User Authenticator #14/INFO]: UUID of player LeeroyPerkins is 2bdc2115-56e5-455a-ae7a-ec0c69f7e3cb
[13:11:12] [Server thread/INFO]: LeeroyPerkins[/186.78.121.211:52364] logged in with entity id 51420 at (3462.898609830796, 113.0, -1387.9979319780387)
[13:11:12] [Server thread/INFO]: LeeroyPerkins joined the game
[13:11:34] [Server thread/INFO]: <LeeroyPerkins> hello there
[13:11:43] [Server thread/INFO]: <MissMinuArt> holi!!
[13:12:08] [Server thread/INFO]: <ZaosKeysalor> gato mira tu telefono
[13:15:50] [Server thread/INFO]: <Irasoma> hay un pasillod e 200 cubos
[13:15:54] [Server thread/INFO]: <Irasoma> se me fue la manito
[13:16:44] [Server thread/INFO]: <ZaosKeysalor> PERO WN XD
[13:17:05] [Server thread/INFO]: [Irasoma: Teleported ZaosKeysalor to Irasoma]
[13:17:19] [Server thread/INFO]: <ZaosKeysalor> SE VE EL SOL PO WN XD
[13:17:22] [Server thread/INFO]: <Irasoma> hasta se buguea el horizonte
[13:17:24] [Server thread/INFO]: <Irasoma> ahjdjhsajkhdj
[13:17:30] [Server thread/INFO]: [Not Secure] [Server] xD
[13:17:54] [Server thread/INFO]: <LeeroyPerkins> donde estan?
[13:18:07] [Server thread/INFO]: <Irasoma> te traigo?
[13:18:11] [Server thread/INFO]: [Not Secure] [Server] asdfasdfgasdf aquí mirando desde las alturas
[13:18:12] [Server thread/INFO]: <LeeroyPerkins> dale
[13:18:23] [Server thread/INFO]: <Irasoma> no puedes ver el real desastre
[13:18:31] [Server thread/INFO]: <Irasoma> tienes que entrar
[13:18:38] [Server thread/INFO]: [Not Secure] [Server] la verdad no asdfasdfgasdf 
[13:18:41] [Server thread/INFO]: <LeeroyPerkins> tpeame
[13:18:46] [Server thread/INFO]: [Irasoma: Teleported LeeroyPerkins to Irasoma]
[13:18:46] [Server thread/WARN]: LeeroyPerkins moved too quickly! 426.91184197694474,-152.7900367437152,169.27869985802522
[13:18:50] [Server thread/INFO]: [Not Secure] [Server] chananna
[13:18:58] [Server thread/INFO]: [Irasoma: Teleported MissMinuArt to Irasoma]
[13:19:11] [Server thread/INFO]: <LeeroyPerkins> bro, wtf?
[13:19:50] [Server thread/INFO]: ZaosKeysalor lost connection: Timed out
[13:19:50] [Server thread/INFO]: ZaosKeysalor left the game
[13:19:50] [Server thread/WARN]: handleDisconnection() called twice
[13:19:54] [Server thread/INFO]: MissMinuArt lost connection: Timed out
[13:19:54] [Server thread/INFO]: MissMinuArt left the game
[13:19:58] [Server thread/INFO]: LeeroyPerkins lost connection: Timed out
[13:19:58] [Server thread/INFO]: LeeroyPerkins left the game
[13:20:16] [Server thread/INFO]: <Irasoma> victor que hiciste?
[13:20:27] [User Authenticator #15/INFO]: UUID of player LeeroyPerkins is 2bdc2115-56e5-455a-ae7a-ec0c69f7e3cb
[13:20:27] [Server thread/INFO]: LeeroyPerkins[/186.78.121.211:52390] logged in with entity id 55269 at (3690.9904548917557, -45.368173363247514, -1221.811921301991)
[13:20:27] [Server thread/INFO]: LeeroyPerkins joined the game
[13:22:01] [Server thread/INFO]: <Irasoma> son 200 cubos de largo este pasillo
[13:22:07] [Server thread/INFO]: <Irasoma> hay otro de 150
[13:22:21] [Server thread/INFO]: <LeeroyPerkins> la media weaita
[13:22:42] [Server thread/INFO]: <Irasoma> y tengo que seguir ampliando
[13:22:49] [Server thread/INFO]: <Irasoma> sera mi ancient city submarina
[13:22:55] [Server thread/INFO]: <LeeroyPerkins> porque tanto?
[13:23:10] [Server thread/INFO]: <Irasoma> literal voy a placear una ancient city
[13:23:26] [Server thread/INFO]: <LeeroyPerkins> la wea
[13:23:35] [Server thread/INFO]: <LeeroyPerkins> ya llevame pa la casa
[13:24:02] [Server thread/INFO]: <Irasoma> los chicos se fueron a bañar, tengo que salir de aqui pa sacarte
[13:24:57] [Server thread/INFO]: [Irasoma: Teleported LeeroyPerkins to Irasoma]
[13:25:06] [Server thread/INFO]: <LeeroyPerkins> ty
[13:29:47] [Server thread/INFO]: LeeroyPerkins lost connection: Disconnected
[13:29:47] [Server thread/INFO]: LeeroyPerkins left the game
[13:29:58] [User Authenticator #16/INFO]: UUID of player LeeroyPerkins is 2bdc2115-56e5-455a-ae7a-ec0c69f7e3cb
[13:29:58] [Server thread/INFO]: LeeroyPerkins[/186.78.121.211:52404] logged in with entity id 57865 at (3399.569427203062, 117.0, -1343.699999988079)
[13:29:58] [Server thread/INFO]: LeeroyPerkins joined the game
[13:35:25] [Server thread/INFO]: LeeroyPerkins lost connection: Disconnected
[13:35:25] [Server thread/INFO]: LeeroyPerkins left the game
[13:38:00] [Server thread/INFO]: Irasoma lost connection: Disconnected
[13:38:00] [Server thread/INFO]: Irasoma left the game
[13:44:16] [User Authenticator #17/INFO]: UUID of player Sleeping_and is 5d9be168-fd25-4c47-b6c0-84c85f10f386
[13:44:16] [Server thread/INFO]: Sleeping_and[/179.56.56.232:62264] logged in with entity id 59326 at (3357.6641942906767, 109.0, -1304.4367686903593)
[13:44:16] [Server thread/INFO]: Sleeping_and joined the game
[13:49:25] [Server thread/INFO]: Sleeping_and was doomed to fall by Skeleton
[14:09:15] [User Authenticator #18/INFO]: UUID of player LeeroyPerkins is 2bdc2115-56e5-455a-ae7a-ec0c69f7e3cb
[14:09:15] [Server thread/INFO]: LeeroyPerkins[/186.78.121.211:52596] logged in with entity id 63401 at (3405.286600055685, 115.0, -1335.280152095725)
[14:09:15] [Server thread/INFO]: LeeroyPerkins joined the game
[14:10:22] [Server thread/INFO]: Sleeping_and was fireballed by Ghast
[14:27:53] [Server thread/INFO]: Sleeping_and tried to swim in lava
[14:28:54] [Server thread/INFO]: Sleeping_and lost connection: Disconnected
[14:28:54] [Server thread/INFO]: Sleeping_and left the game
[14:38:12] [Server thread/INFO]: LeeroyPerkins lost connection: Disconnected
[14:38:12] [Server thread/INFO]: LeeroyPerkins left the game
[16:03:08] [User Authenticator #19/INFO]: UUID of player YourTextHere12 is ed39aad8-636d-4e94-975e-63c36809c427
[16:03:08] [Server thread/INFO]: YourTextHere12[/186.79.117.52:55419] logged in with entity id 70384 at (1034.699999988079, 63.0, -1064.872343478751)
[16:03:08] [Server thread/INFO]: YourTextHere12 joined the game
[16:07:19] [Server thread/INFO]: YourTextHere12 has made the advancement [Acquire Hardware]
[16:10:00] [Server thread/INFO]: YourTextHere12 was slain by Zombie
[16:14:04] [Server thread/INFO]: YourTextHere12 lost connection: Disconnected
[16:14:04] [Server thread/INFO]: YourTextHere12 left the game
[16:31:17] [User Authenticator #20/INFO]: UUID of player ZaosKeysalor is c9f947b0-af80-47c3-a303-5740993c2038
[16:31:18] [Server thread/INFO]: ZaosKeysalor[/152.172.121.123:55922] logged in with entity id 72055 at (3756.929872483609, -24.447680666779124, -1218.574989595652)
[16:31:18] [Server thread/INFO]: ZaosKeysalor joined the game
[16:31:19] [Server thread/WARN]: ZaosKeysalor moved too quickly! 0.0,-10.806526110009006,0.0
[16:32:05] [Server thread/INFO]: ZaosKeysalor was slain by Drowned
[16:43:01] [Server thread/INFO]: <ZaosKeysalor> ZaosKeysalor
[16:45:43] [User Authenticator #21/INFO]: UUID of player MissMinuArt is dca46a5d-5d60-487e-9bf7-e9d7eb1239dc
[16:45:43] [Server thread/INFO]: MissMinuArt[/152.172.121.123:54358] logged in with entity id 74560 at (3758.2037506339184, -29.044266747113216, -1217.1444825947842)
[16:45:43] [Server thread/INFO]: MissMinuArt joined the game
[16:53:58] [Server thread/INFO]: ZaosKeysalor lost connection: Disconnected
[16:53:58] [Server thread/INFO]: ZaosKeysalor left the game
[17:02:20] [Server thread/INFO]: MissMinuArt lost connection: Disconnected
[17:02:20] [Server thread/INFO]: MissMinuArt left the game
[17:04:58] [User Authenticator #22/INFO]: UUID of player MissMinuArt is dca46a5d-5d60-487e-9bf7-e9d7eb1239dc
[17:04:58] [Server thread/INFO]: MissMinuArt[/152.172.121.123:54660] logged in with entity id 78617 at (3312.438607908017, 74.0, -1210.300000011921)
[17:04:58] [Server thread/INFO]: MissMinuArt joined the game
[17:16:14] [Server thread/INFO]: MissMinuArt lost connection: Disconnected
[17:16:14] [Server thread/INFO]: MissMinuArt left the game
[18:19:22] [User Authenticator #23/INFO]: UUID of player ZaosKeysalor is c9f947b0-af80-47c3-a303-5740993c2038
[18:19:23] [Server thread/INFO]: ZaosKeysalor[/152.172.121.123:56630] logged in with entity id 80498 at (3336.232693288648, 110.0, -1342.5640711001522)
[18:19:23] [Server thread/INFO]: ZaosKeysalor joined the game
[18:42:27] [Server thread/INFO]: ZaosKeysalor lost connection: Disconnected
[18:42:27] [Server thread/INFO]: ZaosKeysalor left the game
[18:59:57] [User Authenticator #24/INFO]: UUID of player ZaosKeysalor is c9f947b0-af80-47c3-a303-5740993c2038
[18:59:58] [Server thread/INFO]: ZaosKeysalor[/152.172.121.123:56869] logged in with entity id 86377 at (3560.9265384538253, 69.0, -1422.7119879996123)
[18:59:58] [Server thread/INFO]: ZaosKeysalor joined the game
[19:03:48] [Server thread/INFO]: ZaosKeysalor was slain by Zombie
[19:04:30] [Server thread/INFO]: ZaosKeysalor was blown up by Creeper
[19:04:32] [Server thread/WARN]: ZaosKeysalor moved too quickly! -63.52426025210444,36.0,-12.113830298166507
[19:04:38] [Server thread/INFO]: ZaosKeysalor fell from a high place
[19:38:54] [Server thread/INFO]: ZaosKeysalor was slain by Enderman
[20:16:38] [Server thread/INFO]: ZaosKeysalor lost connection: Disconnected
[20:16:38] [Server thread/INFO]: ZaosKeysalor left the game
[21:37:21] [User Authenticator #25/INFO]: UUID of player Irasoma is a2617195-1554-4a1e-a999-c3875761266e
[21:37:21] [Server thread/INFO]: Irasoma[/192.168.1.1:65510] logged in with entity id 107136 at (3377.5383070986218, 87.0, -1267.8235638664923)
[21:37:21] [Server thread/INFO]: Irasoma joined the game
[21:41:54] [Server thread/INFO]: [Irasoma: Gamerule keepInventory is now set to: true]
[21:42:23] [User Authenticator #26/INFO]: UUID of player Sleeping_and is 5d9be168-fd25-4c47-b6c0-84c85f10f386
[21:42:23] [Server thread/INFO]: Sleeping_and[/179.56.56.232:58835] logged in with entity id 109921 at (3383.9765156563803, 87.0, -1276.097411862222)
[21:42:23] [Server thread/INFO]: Sleeping_and joined the game
[21:43:11] [User Authenticator #27/INFO]: UUID of player rrariate is ef2493fd-6557-4ce5-b466-08c79131629e
[21:43:11] [Server thread/INFO]: rrariate[/181.226.63.253:53767] logged in with entity id 110382 at (3338.698945864939, 93.0, -1276.9893055426892)
[21:43:11] [Server thread/INFO]: rrariate joined the game
[21:45:28] [Server thread/INFO]: [Irasoma: Successfully filled 15428 block(s)]
[21:48:27] [Server thread/INFO]: [Irasoma: Successfully filled 32 block(s)]
[21:48:42] [Server thread/INFO]: [Irasoma: Successfully filled 19836 block(s)]
[21:48:47] [Server thread/INFO]: [Irasoma: Successfully filled 23 block(s)]
[21:49:51] [Server thread/INFO]: [Irasoma: Successfully filled 22040 block(s)]
[21:50:07] [Server thread/INFO]: [Irasoma: Successfully filled 15428 block(s)]
[21:51:16] [Server thread/INFO]: [Irasoma: Successfully filled 22040 block(s)]
[21:51:27] [Server thread/INFO]: [Irasoma: Successfully filled 22040 block(s)]
[21:51:40] [Server thread/INFO]: [Irasoma: Successfully filled 22040 block(s)]
[21:51:58] [Server thread/INFO]: [Irasoma: Successfully filled 22040 block(s)]
[21:52:09] [Server thread/INFO]: [Irasoma: Successfully filled 22040 block(s)]
[21:52:23] [Server thread/INFO]: [Irasoma: Successfully filled 22040 block(s)]
[21:52:38] [Server thread/INFO]: [Irasoma: Successfully filled 22040 block(s)]
[21:52:42] [Server thread/INFO]: Sleeping_and lost connection: Disconnected
[21:52:42] [Server thread/INFO]: Sleeping_and left the game
[21:52:51] [Server thread/INFO]: [Irasoma: Successfully filled 22040 block(s)]
[21:53:05] [Server thread/INFO]: [Irasoma: Successfully filled 22040 block(s)]
[21:53:18] [Server thread/INFO]: [Irasoma: Successfully filled 17632 block(s)]
[21:53:24] [Server thread/INFO]: [Irasoma: Successfully filled 6 block(s)]
[21:53:37] [Server thread/INFO]: [Irasoma: Successfully filled 22040 block(s)]
[21:53:40] [Server thread/INFO]: [Irasoma: Successfully filled 151 block(s)]
[21:53:52] [Server thread/INFO]: [Irasoma: Successfully filled 22040 block(s)]
[21:54:04] [Server thread/INFO]: [Irasoma: Successfully filled 22040 block(s)]
[21:54:12] [Server thread/INFO]: [Irasoma: Successfully filled 22040 block(s)]
[21:54:17] [Server thread/INFO]: [Irasoma: Successfully filled 16 block(s)]
[21:54:27] [Server thread/INFO]: [Irasoma: Successfully filled 22040 block(s)]
[21:54:30] [Server thread/INFO]: [Irasoma: Successfully filled 68 block(s)]
[21:54:39] [Server thread/INFO]: [Irasoma: Successfully filled 22040 block(s)]
[21:54:48] [Server thread/INFO]: [Irasoma: Successfully filled 22040 block(s)]
[21:54:51] [Server thread/INFO]: [Irasoma: Successfully filled 21 block(s)]
[21:55:01] [Server thread/INFO]: [Irasoma: Successfully filled 22040 block(s)]
[21:55:20] [Server thread/INFO]: [Irasoma: Successfully filled 22040 block(s)]
[21:55:25] [Server thread/INFO]: [Irasoma: Successfully filled 91 block(s)]
[21:55:58] [Server thread/INFO]: [Irasoma: Successfully filled 22040 block(s)]
[21:56:01] [Server thread/INFO]: [Irasoma: Successfully filled 16 block(s)]
[21:56:18] [Server thread/INFO]: [Irasoma: Successfully filled 22040 block(s)]
[21:56:22] [Server thread/INFO]: [Irasoma: Successfully filled 77 block(s)]
[21:58:39] [Server thread/INFO]: [Irasoma: Successfully filled 22040 block(s)]
[21:58:48] [Server thread/INFO]: [Irasoma: Successfully filled 22040 block(s)]
[21:59:02] [Server thread/INFO]: [Irasoma: Successfully filled 22040 block(s)]
[21:59:11] [Server thread/INFO]: [Irasoma: Successfully filled 22055 block(s)]
[21:59:19] [Server thread/INFO]: [Irasoma: Successfully filled 65 block(s)]
[21:59:29] [Server thread/INFO]: [Irasoma: Successfully filled 22040 block(s)]
[21:59:39] [Server thread/INFO]: [Irasoma: Successfully filled 22040 block(s)]
[21:59:48] [Server thread/INFO]: [Irasoma: Successfully filled 22040 block(s)]
[21:59:56] [Server thread/INFO]: [Irasoma: Successfully filled 22040 block(s)]
[21:59:59] [Server thread/INFO]: [Irasoma: Successfully filled 80 block(s)]
[22:00:07] [Server thread/INFO]: [Irasoma: Successfully filled 22040 block(s)]
[22:00:36] [Server thread/INFO]: [Irasoma: Successfully filled 22040 block(s)]
[22:00:50] [Server thread/INFO]: [Irasoma: Successfully filled 22040 block(s)]
[22:01:01] [Server thread/INFO]: [Irasoma: Successfully filled 22040 block(s)]
[22:01:14] [Server thread/INFO]: [Irasoma: Successfully filled 21996 block(s)]
[22:01:25] [Server thread/INFO]: [Irasoma: Successfully filled 21621 block(s)]
[22:01:35] [Server thread/INFO]: [Irasoma: Successfully filled 21660 block(s)]
[22:01:43] [Server thread/INFO]: [Irasoma: Successfully filled 21984 block(s)]
[22:02:04] [Server thread/INFO]: [Irasoma: Successfully filled 22040 block(s)]
[22:02:14] [Server thread/INFO]: [Irasoma: Successfully filled 22040 block(s)]
[22:02:24] [Server thread/INFO]: [Irasoma: Successfully filled 22040 block(s)]
[22:02:35] [Server thread/INFO]: rrariate has made the advancement [Isn't It Iron Pick]
[22:04:27] [Server thread/INFO]: [Irasoma: Successfully filled 22040 block(s)]
[22:04:29] [Server thread/INFO]: [Irasoma: Successfully filled 29 block(s)]
[22:04:43] [Server thread/INFO]: [Irasoma: Successfully filled 22040 block(s)]
[22:04:46] [Server thread/INFO]: [Irasoma: Successfully filled 39 block(s)]
[22:05:01] [Server thread/INFO]: [Irasoma: Successfully filled 22039 block(s)]
[22:05:12] [Server thread/INFO]: [Irasoma: Successfully filled 22040 block(s)]
[22:05:23] [Server thread/INFO]: [Irasoma: Successfully filled 22040 block(s)]
[22:05:42] [Server thread/INFO]: [Irasoma: Successfully filled 22040 block(s)]
[22:05:45] [Server thread/INFO]: [Irasoma: Successfully filled 33 block(s)]
[22:05:54] [Server thread/INFO]: [Irasoma: Successfully filled 22040 block(s)]
[22:06:27] [Server thread/INFO]: [Irasoma: Successfully filled 22040 block(s)]
[22:06:31] [Server thread/INFO]: rrariate has made the advancement [Diamonds!]
[22:06:36] [Server thread/INFO]: [Irasoma: Successfully filled 22040 block(s)]
[22:06:47] [Server thread/INFO]: [Irasoma: Successfully filled 22040 block(s)]
[22:10:58] [Server thread/INFO]: [Irasoma: Teleported Irasoma to rrariate]
[22:10:58] [Server thread/WARN]: Irasoma moved too quickly! 116.46729170968365,-16.963206542010035,-69.9992460310059
[22:21:05] [Server thread/INFO]: rrariate lost connection: Disconnected
[22:21:05] [Server thread/INFO]: rrariate left the game
[22:23:43] [User Authenticator #28/INFO]: UUID of player Reeckk is 93237272-4e50-4b2f-8bc4-f3c2d284a9d6
[22:23:43] [Server thread/INFO]: Reeckk[/152.172.112.111:54635] logged in with entity id 126469 at (3358.5, 129.0, -1360.5)
[22:23:43] [Server thread/INFO]: Reeckk joined the game
[22:31:01] [Server thread/INFO]: Reeckk has made the advancement [We Need to Go Deeper]
[22:36:16] [Server thread/INFO]: Reeckk lost connection: Disconnected
[22:36:16] [Server thread/INFO]: Reeckk left the game
[22:50:39] [Server thread/INFO]: Irasoma lost connection: Disconnected
[22:50:39] [Server thread/INFO]: Irasoma left the game
