[06:01:40] [ServerMain/INFO]: Environment: Environment[sessionHost=https://sessionserver.mojang.com, servicesHost=https://api.minecraftservices.com, name=PROD]
[06:01:42] [ServerMain/INFO]: Loaded 7 recipes
[06:01:42] [ServerMain/INFO]: Loaded 1271 advancements
[06:01:43] [Server thread/INFO]: Starting minecraft server version 1.20.4
[06:01:43] [Server thread/INFO]: Loading properties
[06:01:43] [Server thread/INFO]: Default game type: SURVIVAL
[06:01:43] [Server thread/INFO]: Generating keypair
[06:01:43] [Server thread/INFO]: Starting Minecraft server on 0.0.0.0:27000
[06:01:43] [Server thread/INFO]: Using epoll channel type
[06:01:43] [Server thread/INFO]: Preparing level "world"
[06:01:44] [Server thread/INFO]: Preparing start region for dimension minecraft:overworld
[06:01:47] [Worker-Main-13/INFO]: Preparing spawn area: 0%
[06:01:47] [Worker-Main-12/INFO]: Preparing spawn area: 0%
[06:01:47] [Worker-Main-21/INFO]: Preparing spawn area: 0%
[06:01:47] [Worker-Main-12/INFO]: Preparing spawn area: 0%
[06:01:47] [Worker-Main-13/INFO]: Preparing spawn area: 0%
[06:01:47] [Worker-Main-12/INFO]: Preparing spawn area: 0%
[06:01:47] [Worker-Main-4/INFO]: Preparing spawn area: 0%
[06:01:48] [Worker-Main-21/INFO]: Preparing spawn area: 0%
[06:01:48] [Worker-Main-3/INFO]: Preparing spawn area: 0%
[06:01:49] [Worker-Main-9/INFO]: Preparing spawn area: 4%
[06:01:49] [Worker-Main-21/INFO]: Preparing spawn area: 34%
[06:01:50] [Worker-Main-4/INFO]: Preparing spawn area: 76%
[06:01:50] [Server thread/INFO]: Time elapsed: 5816 ms
[06:01:50] [Server thread/INFO]: Done (6.721s)! For help, type "help"
[23:48:49] [User Authenticator #1/INFO]: UUID of player LeeroyPerkins is 2bdc2115-56e5-455a-ae7a-ec0c69f7e3cb
[23:48:50] [Server thread/INFO]: LeeroyPerkins[/186.78.119.160:61113] logged in with entity id 93 at (3462.6519332125217, 119.0, -1388.6210820756478)
[23:48:50] [Server thread/INFO]: LeeroyPerkins joined the game
