[06:01:38] [ServerMain/INFO]: Environment: Environment[sessionHost=https://sessionserver.mojang.com, servicesHost=https://api.minecraftservices.com, name=PROD]
[06:01:39] [ServerMain/INFO]: Loaded 7 recipes
[06:01:40] [ServerMain/INFO]: Loaded 1271 advancements
[06:01:41] [Server thread/INFO]: Starting minecraft server version 1.20.4
[06:01:41] [Server thread/INFO]: Loading properties
[06:01:41] [Server thread/INFO]: Default game type: SURVIVAL
[06:01:41] [Server thread/INFO]: Generating keypair
[06:01:41] [Server thread/INFO]: Starting Minecraft server on 0.0.0.0:27000
[06:01:41] [Server thread/INFO]: Using epoll channel type
[06:01:41] [Server thread/INFO]: Preparing level "world"
[06:01:42] [Server thread/INFO]: Preparing start region for dimension minecraft:overworld
[06:01:44] [Worker-Main-2/INFO]: Preparing spawn area: 0%
[06:01:45] [Worker-Main-11/INFO]: Preparing spawn area: 0%
[06:01:45] [Worker-Main-13/INFO]: Preparing spawn area: 0%
[06:01:45] [Worker-Main-5/INFO]: Preparing spawn area: 0%
[06:01:45] [Worker-Main-13/INFO]: Preparing spawn area: 0%
[06:01:45] [Worker-Main-15/INFO]: Preparing spawn area: 0%
[06:01:45] [Worker-Main-5/INFO]: Preparing spawn area: 0%
[06:01:45] [Worker-Main-18/INFO]: Preparing spawn area: 0%
[06:01:46] [Worker-Main-2/INFO]: Preparing spawn area: 0%
[06:01:46] [Worker-Main-5/INFO]: Preparing spawn area: 16%
[06:01:47] [Worker-Main-23/INFO]: Preparing spawn area: 57%
[06:01:47] [Worker-Main-10/INFO]: Preparing spawn area: 94%
[06:01:47] [Server thread/INFO]: Time elapsed: 5546 ms
[06:01:47] [Server thread/INFO]: Done (6.422s)! For help, type "help"
[12:33:28] [User Authenticator #1/INFO]: UUID of player LeeroyPerkins is 2bdc2115-56e5-455a-ae7a-ec0c69f7e3cb
[12:33:28] [Server thread/INFO]: LeeroyPerkins[/190.45.20.186:61452] logged in with entity id 96 at (3451.5, 119.0, -1394.5)
[12:33:28] [Server thread/INFO]: LeeroyPerkins joined the game
[13:21:42] [Server thread/INFO]: LeeroyPerkins has made the advancement [We Need to Go Deeper]
[13:22:27] [Server thread/INFO]: LeeroyPerkins has completed the challenge [Return to Sender]
[14:36:16] [Server thread/INFO]: LeeroyPerkins lost connection: Disconnected
[14:36:16] [Server thread/INFO]: LeeroyPerkins left the game
[16:23:48] [User Authenticator #2/INFO]: UUID of player LeeroyPerkins is 2bdc2115-56e5-455a-ae7a-ec0c69f7e3cb
[16:23:48] [Server thread/INFO]: LeeroyPerkins[/190.45.20.186:62189] logged in with entity id 20518 at (2447.481014578015, 93.0, -1125.5076971765448)
[16:23:48] [Server thread/INFO]: LeeroyPerkins joined the game
[16:43:45] [Server thread/INFO]: LeeroyPerkins lost connection: Disconnected
[16:43:45] [Server thread/INFO]: LeeroyPerkins left the game
[23:06:38] [User Authenticator #3/INFO]: UUID of player LeeroyPerkins is 2bdc2115-56e5-455a-ae7a-ec0c69f7e3cb
[23:06:39] [Server thread/INFO]: LeeroyPerkins[/186.78.119.171:63183] logged in with entity id 23588 at (2450.436708035559, 63.0, -1003.6402903107673)
[23:06:39] [Server thread/INFO]: LeeroyPerkins joined the game
[23:37:24] [Server thread/INFO]: LeeroyPerkins lost connection: Disconnected
[23:37:24] [Server thread/INFO]: LeeroyPerkins left the game
