[06:01:39] [ServerMain/INFO]: Environment: Environment[sessionHost=https://sessionserver.mojang.com, servicesHost=https://api.minecraftservices.com, name=PROD]
[06:01:41] [ServerMain/INFO]: Loaded 7 recipes
[06:01:41] [ServerMain/INFO]: Loaded 1271 advancements
[06:01:42] [Server thread/INFO]: Starting minecraft server version 1.20.4
[06:01:42] [Server thread/INFO]: Loading properties
[06:01:42] [Server thread/INFO]: Default game type: SURVIVAL
[06:01:42] [Server thread/INFO]: Generating keypair
[06:01:42] [Server thread/INFO]: Starting Minecraft server on 0.0.0.0:27000
[06:01:42] [Server thread/INFO]: Using epoll channel type
[06:01:42] [Server thread/INFO]: Preparing level "world"
[06:01:43] [Server thread/INFO]: Preparing start region for dimension minecraft:overworld
[06:01:46] [Worker-Main-3/INFO]: Preparing spawn area: 0%
[06:01:46] [Worker-Main-23/INFO]: Preparing spawn area: 0%
[06:01:46] [Worker-Main-2/INFO]: Preparing spawn area: 0%
[06:01:46] [Worker-Main-11/INFO]: Preparing spawn area: 0%
[06:01:46] [Worker-Main-20/INFO]: Preparing spawn area: 0%
[06:01:46] [Worker-Main-2/INFO]: Preparing spawn area: 0%
[06:01:46] [Worker-Main-11/INFO]: Preparing spawn area: 0%
[06:01:46] [Worker-Main-20/INFO]: Preparing spawn area: 0%
[06:01:47] [Worker-Main-6/INFO]: Preparing spawn area: 0%
[06:01:47] [Worker-Main-22/INFO]: Preparing spawn area: 17%
[06:01:48] [Worker-Main-11/INFO]: Preparing spawn area: 55%
[06:01:48] [Worker-Main-3/INFO]: Preparing spawn area: 90%
[06:01:48] [Server thread/INFO]: Time elapsed: 5607 ms
[06:01:48] [Server thread/INFO]: Done (6.489s)! For help, type "help"
