[06:01:38] [ServerMain/INFO]: Environment: Environment[sessionHost=https://sessionserver.mojang.com, servicesHost=https://api.minecraftservices.com, name=PROD]
[06:01:40] [ServerMain/INFO]: Loaded 7 recipes
[06:01:40] [ServerMain/INFO]: Loaded 1271 advancements
[06:01:41] [Server thread/INFO]: Starting minecraft server version 1.20.4
[06:01:41] [Server thread/INFO]: Loading properties
[06:01:41] [Server thread/INFO]: Default game type: SURVIVAL
[06:01:41] [Server thread/INFO]: Generating keypair
[06:01:41] [Server thread/INFO]: Starting Minecraft server on 0.0.0.0:27000
[06:01:41] [Server thread/INFO]: Using epoll channel type
[06:01:41] [Server thread/INFO]: Preparing level "world"
[06:01:42] [Server thread/INFO]: Preparing start region for dimension minecraft:overworld
[06:01:45] [Worker-Main-17/INFO]: Preparing spawn area: 0%
[06:01:45] [Worker-Main-17/INFO]: Preparing spawn area: 0%
[06:01:45] [Worker-Main-8/INFO]: Preparing spawn area: 0%
[06:01:45] [Worker-Main-13/INFO]: Preparing spawn area: 0%
[06:01:45] [Worker-Main-8/INFO]: Preparing spawn area: 0%
[06:01:45] [Worker-Main-8/INFO]: Preparing spawn area: 0%
[06:01:45] [Worker-Main-13/INFO]: Preparing spawn area: 0%
[06:01:46] [Worker-Main-19/INFO]: Preparing spawn area: 0%
[06:01:46] [Worker-Main-3/INFO]: Preparing spawn area: 0%
[06:01:47] [Worker-Main-3/INFO]: Preparing spawn area: 22%
[06:01:47] [Worker-Main-5/INFO]: Preparing spawn area: 66%
[06:01:48] [Server thread/INFO]: Time elapsed: 5489 ms
[06:01:48] [Server thread/INFO]: Done (6.371s)! For help, type "help"
[20:44:20] [User Authenticator #1/INFO]: UUID of player ZaosKeysalor is c9f947b0-af80-47c3-a303-5740993c2038
[20:44:21] [Server thread/INFO]: ZaosKeysalor[/152.172.121.123:49244] logged in with entity id 92 at (3344.540011402653, 111.0, -1343.8070643054305)
[20:44:21] [Server thread/INFO]: ZaosKeysalor joined the game
[20:50:48] [Server thread/INFO]: ZaosKeysalor lost connection: Disconnected
[20:50:48] [Server thread/INFO]: ZaosKeysalor left the game
